

Started GET "/user_sessions/new" for 127.0.0.1 at 2013-02-17 22:11:03 -0500
Processing by UserSessionsController#new as HTML
Completed 500 Internal Server Error in 278ms

NoMethodError (undefined method `has_many_and_belongs_to_many' for User(Table doesn't exist):Class):
  app/models/user.rb:4:in `<class:User>'
  app/models/user.rb:1:in `<top (required)>'
  app/controllers/user_sessions_controller.rb:7:in `new'
  app/controllers/user_sessions_controller.rb:7:in `new'


  Rendered c:/RailsInstaller/Ruby1.9.3/lib/ruby/gems/1.9.1/gems/actionpack-3.2.1/lib/action_dispatch/middleware/templates/rescues/_trace.erb (6.0ms)
  Rendered c:/RailsInstaller/Ruby1.9.3/lib/ruby/gems/1.9.1/gems/actionpack-3.2.1/lib/action_dispatch/middleware/templates/rescues/_request_and_response.erb (2.0ms)
  Rendered c:/RailsInstaller/Ruby1.9.3/lib/ruby/gems/1.9.1/gems/actionpack-3.2.1/lib/action_dispatch/middleware/templates/rescues/diagnostics.erb within rescues/layout (80.0ms)
  [1m[36m (0.0ms)[0m  [1mselect sqlite_version(*)[0m
  [1m[35m (10.0ms)[0m  CREATE TABLE "schema_migrations" ("version" varchar(255) NOT NULL) 
  [1m[36m (0.0ms)[0m  [1mPRAGMA index_list("schema_migrations")[0m
  [1m[35m (36.0ms)[0m  CREATE UNIQUE INDEX "unique_schema_migrations" ON "schema_migrations" ("version")
  [1m[36m (0.0ms)[0m  [1mSELECT "schema_migrations"."version" FROM "schema_migrations" [0m
Migrating to CreateProperties (20130216193359)
  [1m[35m (1.0ms)[0m  begin transaction
  [1m[36m (1.0ms)[0m  [1mCREATE TABLE "properties" ("id" INTEGER PRIMARY KEY AUTOINCREMENT NOT NULL, "name" varchar(255), "address" varchar(255), "city" varchar(255), "state" varchar(255), "zip" varchar(255), "created_at" datetime NOT NULL, "updated_at" datetime NOT NULL) [0m
  [1m[35m (0.0ms)[0m  INSERT INTO "schema_migrations" ("version") VALUES ('20130216193359')
  [1m[36m (18.0ms)[0m  [1mcommit transaction[0m
Migrating to CreateUnits (20130216193523)
  [1m[35m (0.0ms)[0m  begin transaction
  [1m[36m (1.0ms)[0m  [1mCREATE TABLE "units" ("id" INTEGER PRIMARY KEY AUTOINCREMENT NOT NULL, "name" varchar(255), "square_feet" integer, "property_id" integer, "created_at" datetime NOT NULL, "updated_at" datetime NOT NULL) [0m
  [1m[35m (0.0ms)[0m  INSERT INTO "schema_migrations" ("version") VALUES ('20130216193523')
  [1m[36m (5.0ms)[0m  [1mcommit transaction[0m
Migrating to CreateLeases (20130216194126)
  [1m[35m (0.0ms)[0m  begin transaction
  [1m[36m (1.0ms)[0m  [1mCREATE TABLE "leases" ("id" INTEGER PRIMARY KEY AUTOINCREMENT NOT NULL, "start_date" date, "end_date" date, "rent" integer, "unit_id" integer, "created_at" datetime NOT NULL, "updated_at" datetime NOT NULL) [0m
  [1m[35m (0.0ms)[0m  INSERT INTO "schema_migrations" ("version") VALUES ('20130216194126')
  [1m[36m (4.0ms)[0m  [1mcommit transaction[0m
Migrating to CreateUsers (20130216195502)
  [1m[35m (1.0ms)[0m  begin transaction
  [1m[36m (0.0ms)[0m  [1mCREATE TABLE "users" ("id" INTEGER PRIMARY KEY AUTOINCREMENT NOT NULL, "username" varchar(255), "email" varchar(255), "crypted_password" varchar(255), "password_salt" varchar(255), "persistence_token" varchar(255), "lease_id" integer, "created_at" datetime NOT NULL, "updated_at" datetime NOT NULL) [0m
  [1m[35m (0.0ms)[0m  INSERT INTO "schema_migrations" ("version") VALUES ('20130216195502')
  [1m[36m (6.0ms)[0m  [1mcommit transaction[0m
Migrating to CreateRepairRequests (20130216200457)
  [1m[35m (0.0ms)[0m  begin transaction
  [1m[36m (1.0ms)[0m  [1mCREATE TABLE "repair_requests" ("id" INTEGER PRIMARY KEY AUTOINCREMENT NOT NULL, "open_date" date, "close_date" date, "request_details" text, "request_response" text, "submitter_id" integer, "responder_id" integer, "created_at" datetime NOT NULL, "updated_at" datetime NOT NULL) [0m
  [1m[35m (0.0ms)[0m  INSERT INTO "schema_migrations" ("version") VALUES ('20130216200457')
  [1m[36m (6.0ms)[0m  [1mcommit transaction[0m
  [1m[35m (1.0ms)[0m  select sqlite_version(*)
  [1m[36m (0.0ms)[0m  [1mSELECT "schema_migrations"."version" FROM "schema_migrations" [0m
  [1m[35m (0.0ms)[0m  PRAGMA index_list("leases")
  [1m[36m (0.0ms)[0m  [1mPRAGMA index_list("properties")[0m
  [1m[35m (0.0ms)[0m  PRAGMA index_list("repair_requests")
  [1m[36m (0.0ms)[0m  [1mPRAGMA index_list("units")[0m
  [1m[35m (0.0ms)[0m  PRAGMA index_list("users")


Started GET "/user_sessions/new" for 127.0.0.1 at 2013-02-17 22:13:25 -0500
Processing by UserSessionsController#new as HTML
Completed 500 Internal Server Error in 11ms

NoMethodError (undefined method `has_many_and_belongs_to_many' for #<Class:0x3ef84e8>):
  app/models/user.rb:4:in `<class:User>'
  app/models/user.rb:1:in `<top (required)>'
  app/controllers/user_sessions_controller.rb:7:in `new'
  app/controllers/user_sessions_controller.rb:7:in `new'


  Rendered c:/RailsInstaller/Ruby1.9.3/lib/ruby/gems/1.9.1/gems/actionpack-3.2.1/lib/action_dispatch/middleware/templates/rescues/_trace.erb (5.0ms)
  Rendered c:/RailsInstaller/Ruby1.9.3/lib/ruby/gems/1.9.1/gems/actionpack-3.2.1/lib/action_dispatch/middleware/templates/rescues/_request_and_response.erb (1.0ms)
  Rendered c:/RailsInstaller/Ruby1.9.3/lib/ruby/gems/1.9.1/gems/actionpack-3.2.1/lib/action_dispatch/middleware/templates/rescues/diagnostics.erb within rescues/layout (13.0ms)


Started GET "/user_sessions/new" for 127.0.0.1 at 2013-02-17 22:13:27 -0500
Processing by UserSessionsController#new as HTML
Completed 500 Internal Server Error in 11ms

NoMethodError (undefined method `has_many_and_belongs_to_many' for #<Class:0x3f71d60>):
  app/models/user.rb:4:in `<class:User>'
  app/models/user.rb:1:in `<top (required)>'
  app/controllers/user_sessions_controller.rb:7:in `new'
  app/controllers/user_sessions_controller.rb:7:in `new'


  Rendered c:/RailsInstaller/Ruby1.9.3/lib/ruby/gems/1.9.1/gems/actionpack-3.2.1/lib/action_dispatch/middleware/templates/rescues/_trace.erb (6.0ms)
  Rendered c:/RailsInstaller/Ruby1.9.3/lib/ruby/gems/1.9.1/gems/actionpack-3.2.1/lib/action_dispatch/middleware/templates/rescues/_request_and_response.erb (2.0ms)
  Rendered c:/RailsInstaller/Ruby1.9.3/lib/ruby/gems/1.9.1/gems/actionpack-3.2.1/lib/action_dispatch/middleware/templates/rescues/diagnostics.erb within rescues/layout (15.0ms)


Started GET "/user_sessions/new" for 127.0.0.1 at 2013-02-17 22:13:41 -0500
Processing by UserSessionsController#new as HTML
Completed 500 Internal Server Error in 11ms

NoMethodError (undefined method `has_many_and_belongs_to_many' for #<Class:0x3fc15a8>):
  app/models/user.rb:4:in `<class:User>'
  app/models/user.rb:1:in `<top (required)>'
  app/controllers/user_sessions_controller.rb:7:in `new'
  app/controllers/user_sessions_controller.rb:7:in `new'


  Rendered c:/RailsInstaller/Ruby1.9.3/lib/ruby/gems/1.9.1/gems/actionpack-3.2.1/lib/action_dispatch/middleware/templates/rescues/_trace.erb (33.0ms)
  Rendered c:/RailsInstaller/Ruby1.9.3/lib/ruby/gems/1.9.1/gems/actionpack-3.2.1/lib/action_dispatch/middleware/templates/rescues/_request_and_response.erb (2.0ms)
  Rendered c:/RailsInstaller/Ruby1.9.3/lib/ruby/gems/1.9.1/gems/actionpack-3.2.1/lib/action_dispatch/middleware/templates/rescues/diagnostics.erb within rescues/layout (47.0ms)


Started GET "/users" for 127.0.0.1 at 2013-02-17 22:13:48 -0500

ActionController::RoutingError (undefined method `has_many_and_belongs_to_many' for #<Class:0x3b551c8>):
  app/models/user.rb:4:in `<class:User>'
  app/models/user.rb:1:in `<top (required)>'
  app/controllers/users_controller.rb:1:in `<top (required)>'


  Rendered c:/RailsInstaller/Ruby1.9.3/lib/ruby/gems/1.9.1/gems/actionpack-3.2.1/lib/action_dispatch/middleware/templates/rescues/routing_error.erb within rescues/layout (1.0ms)


Started GET "/Users" for 127.0.0.1 at 2013-02-17 22:13:55 -0500

ActionController::RoutingError (No route matches [GET] "/Users"):
  actionpack (3.2.1) lib/action_dispatch/middleware/debug_exceptions.rb:21:in `call'
  actionpack (3.2.1) lib/action_dispatch/middleware/show_exceptions.rb:56:in `call'
  railties (3.2.1) lib/rails/rack/logger.rb:26:in `call_app'
  railties (3.2.1) lib/rails/rack/logger.rb:16:in `call'
  actionpack (3.2.1) lib/action_dispatch/middleware/request_id.rb:22:in `call'
  rack (1.4.5) lib/rack/methodoverride.rb:21:in `call'
  rack (1.4.5) lib/rack/runtime.rb:17:in `call'
  activesupport (3.2.1) lib/active_support/cache/strategy/local_cache.rb:72:in `call'
  rack (1.4.5) lib/rack/lock.rb:15:in `call'
  actionpack (3.2.1) lib/action_dispatch/middleware/static.rb:53:in `call'
  railties (3.2.1) lib/rails/engine.rb:479:in `call'
  railties (3.2.1) lib/rails/application.rb:220:in `call'
  rack (1.4.5) lib/rack/content_length.rb:14:in `call'
  railties (3.2.1) lib/rails/rack/log_tailer.rb:14:in `call'
  rack (1.4.5) lib/rack/handler/webrick.rb:59:in `service'
  c:/RailsInstaller/Ruby1.9.3/lib/ruby/1.9.1/webrick/httpserver.rb:138:in `service'
  c:/RailsInstaller/Ruby1.9.3/lib/ruby/1.9.1/webrick/httpserver.rb:94:in `run'
  c:/RailsInstaller/Ruby1.9.3/lib/ruby/1.9.1/webrick/server.rb:191:in `block in start_thread'


  Rendered c:/RailsInstaller/Ruby1.9.3/lib/ruby/gems/1.9.1/gems/actionpack-3.2.1/lib/action_dispatch/middleware/templates/rescues/routing_error.erb within rescues/layout (2.0ms)
  [1m[36m (0.0ms)[0m  [1mSELECT "schema_migrations"."version" FROM "schema_migrations" [0m
Migrating to CreateProperties (20130216193359)
Migrating to CreateUnits (20130216193523)
Migrating to CreateLeases (20130216194126)
Migrating to CreateUsers (20130216195502)
Migrating to CreateRepairRequests (20130216200457)
  [1m[35m (0.0ms)[0m  select sqlite_version(*)
  [1m[36m (0.0ms)[0m  [1mSELECT "schema_migrations"."version" FROM "schema_migrations" [0m
  [1m[35m (0.0ms)[0m  PRAGMA index_list("leases")
  [1m[36m (0.0ms)[0m  [1mPRAGMA index_list("properties")[0m
  [1m[35m (0.0ms)[0m  PRAGMA index_list("repair_requests")
  [1m[36m (0.0ms)[0m  [1mPRAGMA index_list("units")[0m
  [1m[35m (0.0ms)[0m  PRAGMA index_list("users")


Started GET "/Users" for 127.0.0.1 at 2013-02-17 22:15:21 -0500

ActionController::RoutingError (No route matches [GET] "/Users"):
  actionpack (3.2.1) lib/action_dispatch/middleware/debug_exceptions.rb:21:in `call'
  actionpack (3.2.1) lib/action_dispatch/middleware/show_exceptions.rb:56:in `call'
  railties (3.2.1) lib/rails/rack/logger.rb:26:in `call_app'
  railties (3.2.1) lib/rails/rack/logger.rb:16:in `call'
  actionpack (3.2.1) lib/action_dispatch/middleware/request_id.rb:22:in `call'
  rack (1.4.5) lib/rack/methodoverride.rb:21:in `call'
  rack (1.4.5) lib/rack/runtime.rb:17:in `call'
  activesupport (3.2.1) lib/active_support/cache/strategy/local_cache.rb:72:in `call'
  rack (1.4.5) lib/rack/lock.rb:15:in `call'
  actionpack (3.2.1) lib/action_dispatch/middleware/static.rb:53:in `call'
  railties (3.2.1) lib/rails/engine.rb:479:in `call'
  railties (3.2.1) lib/rails/application.rb:220:in `call'
  rack (1.4.5) lib/rack/content_length.rb:14:in `call'
  railties (3.2.1) lib/rails/rack/log_tailer.rb:14:in `call'
  rack (1.4.5) lib/rack/handler/webrick.rb:59:in `service'
  c:/RailsInstaller/Ruby1.9.3/lib/ruby/1.9.1/webrick/httpserver.rb:138:in `service'
  c:/RailsInstaller/Ruby1.9.3/lib/ruby/1.9.1/webrick/httpserver.rb:94:in `run'
  c:/RailsInstaller/Ruby1.9.3/lib/ruby/1.9.1/webrick/server.rb:191:in `block in start_thread'


  Rendered c:/RailsInstaller/Ruby1.9.3/lib/ruby/gems/1.9.1/gems/actionpack-3.2.1/lib/action_dispatch/middleware/templates/rescues/routing_error.erb within rescues/layout (2.0ms)


Started GET "/Users" for 127.0.0.1 at 2013-02-17 22:15:45 -0500

ActionController::RoutingError (No route matches [GET] "/Users"):
  actionpack (3.2.1) lib/action_dispatch/middleware/debug_exceptions.rb:21:in `call'
  actionpack (3.2.1) lib/action_dispatch/middleware/show_exceptions.rb:56:in `call'
  railties (3.2.1) lib/rails/rack/logger.rb:26:in `call_app'
  railties (3.2.1) lib/rails/rack/logger.rb:16:in `call'
  actionpack (3.2.1) lib/action_dispatch/middleware/request_id.rb:22:in `call'
  rack (1.4.5) lib/rack/methodoverride.rb:21:in `call'
  rack (1.4.5) lib/rack/runtime.rb:17:in `call'
  activesupport (3.2.1) lib/active_support/cache/strategy/local_cache.rb:72:in `call'
  rack (1.4.5) lib/rack/lock.rb:15:in `call'
  actionpack (3.2.1) lib/action_dispatch/middleware/static.rb:53:in `call'
  railties (3.2.1) lib/rails/engine.rb:479:in `call'
  railties (3.2.1) lib/rails/application.rb:220:in `call'
  rack (1.4.5) lib/rack/content_length.rb:14:in `call'
  railties (3.2.1) lib/rails/rack/log_tailer.rb:14:in `call'
  rack (1.4.5) lib/rack/handler/webrick.rb:59:in `service'
  c:/RailsInstaller/Ruby1.9.3/lib/ruby/1.9.1/webrick/httpserver.rb:138:in `service'
  c:/RailsInstaller/Ruby1.9.3/lib/ruby/1.9.1/webrick/httpserver.rb:94:in `run'
  c:/RailsInstaller/Ruby1.9.3/lib/ruby/1.9.1/webrick/server.rb:191:in `block in start_thread'


  Rendered c:/RailsInstaller/Ruby1.9.3/lib/ruby/gems/1.9.1/gems/actionpack-3.2.1/lib/action_dispatch/middleware/templates/rescues/routing_error.erb within rescues/layout (1.0ms)


Started GET "/Users" for 127.0.0.1 at 2013-02-17 22:15:47 -0500

ActionController::RoutingError (No route matches [GET] "/Users"):
  actionpack (3.2.1) lib/action_dispatch/middleware/debug_exceptions.rb:21:in `call'
  actionpack (3.2.1) lib/action_dispatch/middleware/show_exceptions.rb:56:in `call'
  railties (3.2.1) lib/rails/rack/logger.rb:26:in `call_app'
  railties (3.2.1) lib/rails/rack/logger.rb:16:in `call'
  actionpack (3.2.1) lib/action_dispatch/middleware/request_id.rb:22:in `call'
  rack (1.4.5) lib/rack/methodoverride.rb:21:in `call'
  rack (1.4.5) lib/rack/runtime.rb:17:in `call'
  activesupport (3.2.1) lib/active_support/cache/strategy/local_cache.rb:72:in `call'
  rack (1.4.5) lib/rack/lock.rb:15:in `call'
  actionpack (3.2.1) lib/action_dispatch/middleware/static.rb:53:in `call'
  railties (3.2.1) lib/rails/engine.rb:479:in `call'
  railties (3.2.1) lib/rails/application.rb:220:in `call'
  rack (1.4.5) lib/rack/content_length.rb:14:in `call'
  railties (3.2.1) lib/rails/rack/log_tailer.rb:14:in `call'
  rack (1.4.5) lib/rack/handler/webrick.rb:59:in `service'
  c:/RailsInstaller/Ruby1.9.3/lib/ruby/1.9.1/webrick/httpserver.rb:138:in `service'
  c:/RailsInstaller/Ruby1.9.3/lib/ruby/1.9.1/webrick/httpserver.rb:94:in `run'
  c:/RailsInstaller/Ruby1.9.3/lib/ruby/1.9.1/webrick/server.rb:191:in `block in start_thread'


  Rendered c:/RailsInstaller/Ruby1.9.3/lib/ruby/gems/1.9.1/gems/actionpack-3.2.1/lib/action_dispatch/middleware/templates/rescues/routing_error.erb within rescues/layout (2.0ms)


Started GET "/users/" for 127.0.0.1 at 2013-02-17 22:15:56 -0500

ActionController::RoutingError (undefined method `has_many_and_belongs_to_many' for #<Class:0x383b308>):
  app/models/user.rb:4:in `<class:User>'
  app/models/user.rb:1:in `<top (required)>'
  app/controllers/users_controller.rb:1:in `<top (required)>'


  Rendered c:/RailsInstaller/Ruby1.9.3/lib/ruby/gems/1.9.1/gems/actionpack-3.2.1/lib/action_dispatch/middleware/templates/rescues/routing_error.erb within rescues/layout (1.0ms)


Started GET "/users" for 127.0.0.1 at 2013-02-17 22:16:00 -0500

NoMethodError (undefined method `key?' for nil:NilClass):
  actionpack (3.2.1) lib/action_controller/metal/hide_actions.rb:36:in `visible_action?'
  actionpack (3.2.1) lib/action_controller/metal/hide_actions.rb:18:in `method_for_action'
  actionpack (3.2.1) lib/action_controller/metal/implicit_render.rb:14:in `method_for_action'
  actionpack (3.2.1) lib/action_controller/metal/compatibility.rb:61:in `method_for_action'
  actionpack (3.2.1) lib/abstract_controller/base.rb:115:in `process'
  actionpack (3.2.1) lib/abstract_controller/rendering.rb:45:in `process'
  actionpack (3.2.1) lib/action_controller/metal.rb:203:in `dispatch'
  actionpack (3.2.1) lib/action_controller/metal/rack_delegation.rb:14:in `dispatch'
  actionpack (3.2.1) lib/action_controller/metal.rb:246:in `block in action'
  actionpack (3.2.1) lib/action_dispatch/routing/route_set.rb:66:in `call'
  actionpack (3.2.1) lib/action_dispatch/routing/route_set.rb:66:in `dispatch'
  actionpack (3.2.1) lib/action_dispatch/routing/route_set.rb:30:in `call'
  journey (1.0.4) lib/journey/router.rb:68:in `block in call'
  journey (1.0.4) lib/journey/router.rb:56:in `each'
  journey (1.0.4) lib/journey/router.rb:56:in `call'
  actionpack (3.2.1) lib/action_dispatch/routing/route_set.rb:589:in `call'
  actionpack (3.2.1) lib/action_dispatch/middleware/best_standards_support.rb:17:in `call'
  rack (1.4.5) lib/rack/etag.rb:23:in `call'
  rack (1.4.5) lib/rack/conditionalget.rb:25:in `call'
  actionpack (3.2.1) lib/action_dispatch/middleware/head.rb:14:in `call'
  actionpack (3.2.1) lib/action_dispatch/middleware/params_parser.rb:21:in `call'
  actionpack (3.2.1) lib/action_dispatch/middleware/flash.rb:242:in `call'
  rack (1.4.5) lib/rack/session/abstract/id.rb:210:in `context'
  rack (1.4.5) lib/rack/session/abstract/id.rb:205:in `call'
  actionpack (3.2.1) lib/action_dispatch/middleware/cookies.rb:338:in `call'
  activerecord (3.2.1) lib/active_record/query_cache.rb:64:in `call'
  activerecord (3.2.1) lib/active_record/connection_adapters/abstract/connection_pool.rb:443:in `call'
  actionpack (3.2.1) lib/action_dispatch/middleware/callbacks.rb:28:in `block in call'
  activesupport (3.2.1) lib/active_support/callbacks.rb:405:in `_run__576178853__call__978514949__callbacks'
  activesupport (3.2.1) lib/active_support/callbacks.rb:405:in `__run_callback'
  activesupport (3.2.1) lib/active_support/callbacks.rb:385:in `_run_call_callbacks'
  activesupport (3.2.1) lib/active_support/callbacks.rb:81:in `run_callbacks'
  actionpack (3.2.1) lib/action_dispatch/middleware/callbacks.rb:27:in `call'
  actionpack (3.2.1) lib/action_dispatch/middleware/reloader.rb:65:in `call'
  actionpack (3.2.1) lib/action_dispatch/middleware/remote_ip.rb:31:in `call'
  actionpack (3.2.1) lib/action_dispatch/middleware/debug_exceptions.rb:16:in `call'
  actionpack (3.2.1) lib/action_dispatch/middleware/show_exceptions.rb:56:in `call'
  railties (3.2.1) lib/rails/rack/logger.rb:26:in `call_app'
  railties (3.2.1) lib/rails/rack/logger.rb:16:in `call'
  actionpack (3.2.1) lib/action_dispatch/middleware/request_id.rb:22:in `call'
  rack (1.4.5) lib/rack/methodoverride.rb:21:in `call'
  rack (1.4.5) lib/rack/runtime.rb:17:in `call'
  activesupport (3.2.1) lib/active_support/cache/strategy/local_cache.rb:72:in `call'
  rack (1.4.5) lib/rack/lock.rb:15:in `call'
  actionpack (3.2.1) lib/action_dispatch/middleware/static.rb:53:in `call'
  railties (3.2.1) lib/rails/engine.rb:479:in `call'
  railties (3.2.1) lib/rails/application.rb:220:in `call'
  rack (1.4.5) lib/rack/content_length.rb:14:in `call'
  railties (3.2.1) lib/rails/rack/log_tailer.rb:14:in `call'
  rack (1.4.5) lib/rack/handler/webrick.rb:59:in `service'
  c:/RailsInstaller/Ruby1.9.3/lib/ruby/1.9.1/webrick/httpserver.rb:138:in `service'
  c:/RailsInstaller/Ruby1.9.3/lib/ruby/1.9.1/webrick/httpserver.rb:94:in `run'
  c:/RailsInstaller/Ruby1.9.3/lib/ruby/1.9.1/webrick/server.rb:191:in `block in start_thread'


  Rendered c:/RailsInstaller/Ruby1.9.3/lib/ruby/gems/1.9.1/gems/actionpack-3.2.1/lib/action_dispatch/middleware/templates/rescues/_trace.erb (4.0ms)
  Rendered c:/RailsInstaller/Ruby1.9.3/lib/ruby/gems/1.9.1/gems/actionpack-3.2.1/lib/action_dispatch/middleware/templates/rescues/_request_and_response.erb (2.0ms)
  Rendered c:/RailsInstaller/Ruby1.9.3/lib/ruby/gems/1.9.1/gems/actionpack-3.2.1/lib/action_dispatch/middleware/templates/rescues/diagnostics.erb within rescues/layout (15.0ms)


Started GET "/users" for 127.0.0.1 at 2013-02-17 22:16:04 -0500

NoMethodError (undefined method `key?' for nil:NilClass):
  actionpack (3.2.1) lib/action_controller/metal/hide_actions.rb:36:in `visible_action?'
  actionpack (3.2.1) lib/action_controller/metal/hide_actions.rb:18:in `method_for_action'
  actionpack (3.2.1) lib/action_controller/metal/implicit_render.rb:14:in `method_for_action'
  actionpack (3.2.1) lib/action_controller/metal/compatibility.rb:61:in `method_for_action'
  actionpack (3.2.1) lib/abstract_controller/base.rb:115:in `process'
  actionpack (3.2.1) lib/abstract_controller/rendering.rb:45:in `process'
  actionpack (3.2.1) lib/action_controller/metal.rb:203:in `dispatch'
  actionpack (3.2.1) lib/action_controller/metal/rack_delegation.rb:14:in `dispatch'
  actionpack (3.2.1) lib/action_controller/metal.rb:246:in `block in action'
  actionpack (3.2.1) lib/action_dispatch/routing/route_set.rb:66:in `call'
  actionpack (3.2.1) lib/action_dispatch/routing/route_set.rb:66:in `dispatch'
  actionpack (3.2.1) lib/action_dispatch/routing/route_set.rb:30:in `call'
  journey (1.0.4) lib/journey/router.rb:68:in `block in call'
  journey (1.0.4) lib/journey/router.rb:56:in `each'
  journey (1.0.4) lib/journey/router.rb:56:in `call'
  actionpack (3.2.1) lib/action_dispatch/routing/route_set.rb:589:in `call'
  actionpack (3.2.1) lib/action_dispatch/middleware/best_standards_support.rb:17:in `call'
  rack (1.4.5) lib/rack/etag.rb:23:in `call'
  rack (1.4.5) lib/rack/conditionalget.rb:25:in `call'
  actionpack (3.2.1) lib/action_dispatch/middleware/head.rb:14:in `call'
  actionpack (3.2.1) lib/action_dispatch/middleware/params_parser.rb:21:in `call'
  actionpack (3.2.1) lib/action_dispatch/middleware/flash.rb:242:in `call'
  rack (1.4.5) lib/rack/session/abstract/id.rb:210:in `context'
  rack (1.4.5) lib/rack/session/abstract/id.rb:205:in `call'
  actionpack (3.2.1) lib/action_dispatch/middleware/cookies.rb:338:in `call'
  activerecord (3.2.1) lib/active_record/query_cache.rb:64:in `call'
  activerecord (3.2.1) lib/active_record/connection_adapters/abstract/connection_pool.rb:443:in `call'
  actionpack (3.2.1) lib/action_dispatch/middleware/callbacks.rb:28:in `block in call'
  activesupport (3.2.1) lib/active_support/callbacks.rb:405:in `_run__576178853__call__978514949__callbacks'
  activesupport (3.2.1) lib/active_support/callbacks.rb:405:in `__run_callback'
  activesupport (3.2.1) lib/active_support/callbacks.rb:385:in `_run_call_callbacks'
  activesupport (3.2.1) lib/active_support/callbacks.rb:81:in `run_callbacks'
  actionpack (3.2.1) lib/action_dispatch/middleware/callbacks.rb:27:in `call'
  actionpack (3.2.1) lib/action_dispatch/middleware/reloader.rb:65:in `call'
  actionpack (3.2.1) lib/action_dispatch/middleware/remote_ip.rb:31:in `call'
  actionpack (3.2.1) lib/action_dispatch/middleware/debug_exceptions.rb:16:in `call'
  actionpack (3.2.1) lib/action_dispatch/middleware/show_exceptions.rb:56:in `call'
  railties (3.2.1) lib/rails/rack/logger.rb:26:in `call_app'
  railties (3.2.1) lib/rails/rack/logger.rb:16:in `call'
  actionpack (3.2.1) lib/action_dispatch/middleware/request_id.rb:22:in `call'
  rack (1.4.5) lib/rack/methodoverride.rb:21:in `call'
  rack (1.4.5) lib/rack/runtime.rb:17:in `call'
  activesupport (3.2.1) lib/active_support/cache/strategy/local_cache.rb:72:in `call'
  rack (1.4.5) lib/rack/lock.rb:15:in `call'
  actionpack (3.2.1) lib/action_dispatch/middleware/static.rb:53:in `call'
  railties (3.2.1) lib/rails/engine.rb:479:in `call'
  railties (3.2.1) lib/rails/application.rb:220:in `call'
  rack (1.4.5) lib/rack/content_length.rb:14:in `call'
  railties (3.2.1) lib/rails/rack/log_tailer.rb:14:in `call'
  rack (1.4.5) lib/rack/handler/webrick.rb:59:in `service'
  c:/RailsInstaller/Ruby1.9.3/lib/ruby/1.9.1/webrick/httpserver.rb:138:in `service'
  c:/RailsInstaller/Ruby1.9.3/lib/ruby/1.9.1/webrick/httpserver.rb:94:in `run'
  c:/RailsInstaller/Ruby1.9.3/lib/ruby/1.9.1/webrick/server.rb:191:in `block in start_thread'


  Rendered c:/RailsInstaller/Ruby1.9.3/lib/ruby/gems/1.9.1/gems/actionpack-3.2.1/lib/action_dispatch/middleware/templates/rescues/_trace.erb (4.0ms)
  Rendered c:/RailsInstaller/Ruby1.9.3/lib/ruby/gems/1.9.1/gems/actionpack-3.2.1/lib/action_dispatch/middleware/templates/rescues/_request_and_response.erb (1.0ms)
  Rendered c:/RailsInstaller/Ruby1.9.3/lib/ruby/gems/1.9.1/gems/actionpack-3.2.1/lib/action_dispatch/middleware/templates/rescues/diagnostics.erb within rescues/layout (13.0ms)


Started GET "/leases" for 127.0.0.1 at 2013-02-17 22:16:18 -0500
Processing by LeasesController#index as HTML
  [1m[36mLease Load (0.0ms)[0m  [1mSELECT "leases".* FROM "leases" [0m
  Rendered leases/index.html.erb within layouts/application (2.0ms)
Compiled application.css  (0ms)  (pid 9380)
Compiled jquery.js  (3ms)  (pid 9380)
Compiled jquery_ujs.js  (0ms)  (pid 9380)
Compiled leases.js  (838ms)  (pid 9380)
Compiled properties.js  (342ms)  (pid 9380)
Compiled repair_requests.js  (398ms)  (pid 9380)
Compiled units.js  (429ms)  (pid 9380)
Compiled user_sessions.js  (302ms)  (pid 9380)
Compiled users.js  (302ms)  (pid 9380)
Compiled application.js  (3006ms)  (pid 9380)
Completed 500 Internal Server Error in 4202ms

ActionView::Template::Error (undefined local variable or method `current_user' for #<#<Class:0x3fd3b78>:0x3fd2150>):
    22:   <div id="navigation">
    23: 
    24:     <div id="login">
    25: 	  <% if current_user %>
    26: 	
    27: 	  	<%= link_to "Edit Profile", edit_user_path(:current) %>
    28: 	 	 <%= link_to "Logout", logout_path %>
  app/views/layouts/application.html.erb:25:in `_app_views_layouts_application_html_erb__587705110_33472608'
  app/controllers/leases_controller.rb:7:in `index'


  Rendered c:/RailsInstaller/Ruby1.9.3/lib/ruby/gems/1.9.1/gems/actionpack-3.2.1/lib/action_dispatch/middleware/templates/rescues/_trace.erb (11.0ms)
  Rendered c:/RailsInstaller/Ruby1.9.3/lib/ruby/gems/1.9.1/gems/actionpack-3.2.1/lib/action_dispatch/middleware/templates/rescues/_request_and_response.erb (1.0ms)
  Rendered c:/RailsInstaller/Ruby1.9.3/lib/ruby/gems/1.9.1/gems/actionpack-3.2.1/lib/action_dispatch/middleware/templates/rescues/template_error.erb within rescues/layout (50.0ms)


Started GET "/leases" for 127.0.0.1 at 2013-02-17 22:20:12 -0500
Processing by LeasesController#index as HTML
  [1m[35mLease Load (1.0ms)[0m  SELECT "leases".* FROM "leases" 
  Rendered leases/index.html.erb within layouts/application (1.0ms)
Completed 500 Internal Server Error in 934ms

ActionView::Template::Error (undefined local variable or method `current_user' for #<#<Class:0x3f35bf8>:0x3f3a2f0>):
    22:   <div id="navigation">
    23: 
    24:     <div id="login">
    25: 	  <% if current_user %>
    26: 	
    27: 	  	<%= link_to "Edit Profile", edit_user_path(:current) %>
    28: 	 	 <%= link_to "Logout", logout_path %>
  app/views/layouts/application.html.erb:25:in `_app_views_layouts_application_html_erb__587705110_33472608'
  app/controllers/leases_controller.rb:7:in `index'


  Rendered c:/RailsInstaller/Ruby1.9.3/lib/ruby/gems/1.9.1/gems/actionpack-3.2.1/lib/action_dispatch/middleware/templates/rescues/_trace.erb (3.0ms)
  Rendered c:/RailsInstaller/Ruby1.9.3/lib/ruby/gems/1.9.1/gems/actionpack-3.2.1/lib/action_dispatch/middleware/templates/rescues/_request_and_response.erb (1.0ms)
  Rendered c:/RailsInstaller/Ruby1.9.3/lib/ruby/gems/1.9.1/gems/actionpack-3.2.1/lib/action_dispatch/middleware/templates/rescues/template_error.erb within rescues/layout (9.0ms)


Started GET "/" for 127.0.0.1 at 2013-02-17 22:20:16 -0500

ActionController::RoutingError (undefined method `has_many_and_belongs_to_many' for #<Class:0x3eeb168>):
  app/models/user.rb:4:in `<class:User>'
  app/models/user.rb:1:in `<top (required)>'
  app/controllers/users_controller.rb:1:in `<top (required)>'


  Rendered c:/RailsInstaller/Ruby1.9.3/lib/ruby/gems/1.9.1/gems/actionpack-3.2.1/lib/action_dispatch/middleware/templates/rescues/routing_error.erb within rescues/layout (2.0ms)


Started GET "/" for 127.0.0.1 at 2013-02-17 22:22:15 -0500

NoMethodError (undefined method `key?' for nil:NilClass):
  actionpack (3.2.1) lib/action_controller/metal/hide_actions.rb:36:in `visible_action?'
  actionpack (3.2.1) lib/action_controller/metal/hide_actions.rb:18:in `method_for_action'
  actionpack (3.2.1) lib/action_controller/metal/implicit_render.rb:14:in `method_for_action'
  actionpack (3.2.1) lib/action_controller/metal/compatibility.rb:61:in `method_for_action'
  actionpack (3.2.1) lib/abstract_controller/base.rb:115:in `process'
  actionpack (3.2.1) lib/abstract_controller/rendering.rb:45:in `process'
  actionpack (3.2.1) lib/action_controller/metal.rb:203:in `dispatch'
  actionpack (3.2.1) lib/action_controller/metal/rack_delegation.rb:14:in `dispatch'
  actionpack (3.2.1) lib/action_controller/metal.rb:246:in `block in action'
  actionpack (3.2.1) lib/action_dispatch/routing/route_set.rb:66:in `call'
  actionpack (3.2.1) lib/action_dispatch/routing/route_set.rb:66:in `dispatch'
  actionpack (3.2.1) lib/action_dispatch/routing/route_set.rb:30:in `call'
  journey (1.0.4) lib/journey/router.rb:68:in `block in call'
  journey (1.0.4) lib/journey/router.rb:56:in `each'
  journey (1.0.4) lib/journey/router.rb:56:in `call'
  actionpack (3.2.1) lib/action_dispatch/routing/route_set.rb:589:in `call'
  actionpack (3.2.1) lib/action_dispatch/middleware/best_standards_support.rb:17:in `call'
  rack (1.4.5) lib/rack/etag.rb:23:in `call'
  rack (1.4.5) lib/rack/conditionalget.rb:25:in `call'
  actionpack (3.2.1) lib/action_dispatch/middleware/head.rb:14:in `call'
  actionpack (3.2.1) lib/action_dispatch/middleware/params_parser.rb:21:in `call'
  actionpack (3.2.1) lib/action_dispatch/middleware/flash.rb:242:in `call'
  rack (1.4.5) lib/rack/session/abstract/id.rb:210:in `context'
  rack (1.4.5) lib/rack/session/abstract/id.rb:205:in `call'
  actionpack (3.2.1) lib/action_dispatch/middleware/cookies.rb:338:in `call'
  activerecord (3.2.1) lib/active_record/query_cache.rb:64:in `call'
  activerecord (3.2.1) lib/active_record/connection_adapters/abstract/connection_pool.rb:443:in `call'
  actionpack (3.2.1) lib/action_dispatch/middleware/callbacks.rb:28:in `block in call'
  activesupport (3.2.1) lib/active_support/callbacks.rb:405:in `_run__576178853__call__978514949__callbacks'
  activesupport (3.2.1) lib/active_support/callbacks.rb:405:in `__run_callback'
  activesupport (3.2.1) lib/active_support/callbacks.rb:385:in `_run_call_callbacks'
  activesupport (3.2.1) lib/active_support/callbacks.rb:81:in `run_callbacks'
  actionpack (3.2.1) lib/action_dispatch/middleware/callbacks.rb:27:in `call'
  actionpack (3.2.1) lib/action_dispatch/middleware/reloader.rb:65:in `call'
  actionpack (3.2.1) lib/action_dispatch/middleware/remote_ip.rb:31:in `call'
  actionpack (3.2.1) lib/action_dispatch/middleware/debug_exceptions.rb:16:in `call'
  actionpack (3.2.1) lib/action_dispatch/middleware/show_exceptions.rb:56:in `call'
  railties (3.2.1) lib/rails/rack/logger.rb:26:in `call_app'
  railties (3.2.1) lib/rails/rack/logger.rb:16:in `call'
  actionpack (3.2.1) lib/action_dispatch/middleware/request_id.rb:22:in `call'
  rack (1.4.5) lib/rack/methodoverride.rb:21:in `call'
  rack (1.4.5) lib/rack/runtime.rb:17:in `call'
  activesupport (3.2.1) lib/active_support/cache/strategy/local_cache.rb:72:in `call'
  rack (1.4.5) lib/rack/lock.rb:15:in `call'
  actionpack (3.2.1) lib/action_dispatch/middleware/static.rb:53:in `call'
  railties (3.2.1) lib/rails/engine.rb:479:in `call'
  railties (3.2.1) lib/rails/application.rb:220:in `call'
  rack (1.4.5) lib/rack/content_length.rb:14:in `call'
  railties (3.2.1) lib/rails/rack/log_tailer.rb:14:in `call'
  rack (1.4.5) lib/rack/handler/webrick.rb:59:in `service'
  c:/RailsInstaller/Ruby1.9.3/lib/ruby/1.9.1/webrick/httpserver.rb:138:in `service'
  c:/RailsInstaller/Ruby1.9.3/lib/ruby/1.9.1/webrick/httpserver.rb:94:in `run'
  c:/RailsInstaller/Ruby1.9.3/lib/ruby/1.9.1/webrick/server.rb:191:in `block in start_thread'


  Rendered c:/RailsInstaller/Ruby1.9.3/lib/ruby/gems/1.9.1/gems/actionpack-3.2.1/lib/action_dispatch/middleware/templates/rescues/_trace.erb (4.0ms)
  Rendered c:/RailsInstaller/Ruby1.9.3/lib/ruby/gems/1.9.1/gems/actionpack-3.2.1/lib/action_dispatch/middleware/templates/rescues/_request_and_response.erb (2.0ms)
  Rendered c:/RailsInstaller/Ruby1.9.3/lib/ruby/gems/1.9.1/gems/actionpack-3.2.1/lib/action_dispatch/middleware/templates/rescues/diagnostics.erb within rescues/layout (15.0ms)


Started GET "/" for 127.0.0.1 at 2013-02-17 22:22:17 -0500

NoMethodError (undefined method `key?' for nil:NilClass):
  actionpack (3.2.1) lib/action_controller/metal/hide_actions.rb:36:in `visible_action?'
  actionpack (3.2.1) lib/action_controller/metal/hide_actions.rb:18:in `method_for_action'
  actionpack (3.2.1) lib/action_controller/metal/implicit_render.rb:14:in `method_for_action'
  actionpack (3.2.1) lib/action_controller/metal/compatibility.rb:61:in `method_for_action'
  actionpack (3.2.1) lib/abstract_controller/base.rb:115:in `process'
  actionpack (3.2.1) lib/abstract_controller/rendering.rb:45:in `process'
  actionpack (3.2.1) lib/action_controller/metal.rb:203:in `dispatch'
  actionpack (3.2.1) lib/action_controller/metal/rack_delegation.rb:14:in `dispatch'
  actionpack (3.2.1) lib/action_controller/metal.rb:246:in `block in action'
  actionpack (3.2.1) lib/action_dispatch/routing/route_set.rb:66:in `call'
  actionpack (3.2.1) lib/action_dispatch/routing/route_set.rb:66:in `dispatch'
  actionpack (3.2.1) lib/action_dispatch/routing/route_set.rb:30:in `call'
  journey (1.0.4) lib/journey/router.rb:68:in `block in call'
  journey (1.0.4) lib/journey/router.rb:56:in `each'
  journey (1.0.4) lib/journey/router.rb:56:in `call'
  actionpack (3.2.1) lib/action_dispatch/routing/route_set.rb:589:in `call'
  actionpack (3.2.1) lib/action_dispatch/middleware/best_standards_support.rb:17:in `call'
  rack (1.4.5) lib/rack/etag.rb:23:in `call'
  rack (1.4.5) lib/rack/conditionalget.rb:25:in `call'
  actionpack (3.2.1) lib/action_dispatch/middleware/head.rb:14:in `call'
  actionpack (3.2.1) lib/action_dispatch/middleware/params_parser.rb:21:in `call'
  actionpack (3.2.1) lib/action_dispatch/middleware/flash.rb:242:in `call'
  rack (1.4.5) lib/rack/session/abstract/id.rb:210:in `context'
  rack (1.4.5) lib/rack/session/abstract/id.rb:205:in `call'
  actionpack (3.2.1) lib/action_dispatch/middleware/cookies.rb:338:in `call'
  activerecord (3.2.1) lib/active_record/query_cache.rb:64:in `call'
  activerecord (3.2.1) lib/active_record/connection_adapters/abstract/connection_pool.rb:443:in `call'
  actionpack (3.2.1) lib/action_dispatch/middleware/callbacks.rb:28:in `block in call'
  activesupport (3.2.1) lib/active_support/callbacks.rb:405:in `_run__576178853__call__978514949__callbacks'
  activesupport (3.2.1) lib/active_support/callbacks.rb:405:in `__run_callback'
  activesupport (3.2.1) lib/active_support/callbacks.rb:385:in `_run_call_callbacks'
  activesupport (3.2.1) lib/active_support/callbacks.rb:81:in `run_callbacks'
  actionpack (3.2.1) lib/action_dispatch/middleware/callbacks.rb:27:in `call'
  actionpack (3.2.1) lib/action_dispatch/middleware/reloader.rb:65:in `call'
  actionpack (3.2.1) lib/action_dispatch/middleware/remote_ip.rb:31:in `call'
  actionpack (3.2.1) lib/action_dispatch/middleware/debug_exceptions.rb:16:in `call'
  actionpack (3.2.1) lib/action_dispatch/middleware/show_exceptions.rb:56:in `call'
  railties (3.2.1) lib/rails/rack/logger.rb:26:in `call_app'
  railties (3.2.1) lib/rails/rack/logger.rb:16:in `call'
  actionpack (3.2.1) lib/action_dispatch/middleware/request_id.rb:22:in `call'
  rack (1.4.5) lib/rack/methodoverride.rb:21:in `call'
  rack (1.4.5) lib/rack/runtime.rb:17:in `call'
  activesupport (3.2.1) lib/active_support/cache/strategy/local_cache.rb:72:in `call'
  rack (1.4.5) lib/rack/lock.rb:15:in `call'
  actionpack (3.2.1) lib/action_dispatch/middleware/static.rb:53:in `call'
  railties (3.2.1) lib/rails/engine.rb:479:in `call'
  railties (3.2.1) lib/rails/application.rb:220:in `call'
  rack (1.4.5) lib/rack/content_length.rb:14:in `call'
  railties (3.2.1) lib/rails/rack/log_tailer.rb:14:in `call'
  rack (1.4.5) lib/rack/handler/webrick.rb:59:in `service'
  c:/RailsInstaller/Ruby1.9.3/lib/ruby/1.9.1/webrick/httpserver.rb:138:in `service'
  c:/RailsInstaller/Ruby1.9.3/lib/ruby/1.9.1/webrick/httpserver.rb:94:in `run'
  c:/RailsInstaller/Ruby1.9.3/lib/ruby/1.9.1/webrick/server.rb:191:in `block in start_thread'


  Rendered c:/RailsInstaller/Ruby1.9.3/lib/ruby/gems/1.9.1/gems/actionpack-3.2.1/lib/action_dispatch/middleware/templates/rescues/_trace.erb (5.0ms)
  Rendered c:/RailsInstaller/Ruby1.9.3/lib/ruby/gems/1.9.1/gems/actionpack-3.2.1/lib/action_dispatch/middleware/templates/rescues/_request_and_response.erb (1.0ms)
  Rendered c:/RailsInstaller/Ruby1.9.3/lib/ruby/gems/1.9.1/gems/actionpack-3.2.1/lib/action_dispatch/middleware/templates/rescues/diagnostics.erb within rescues/layout (15.0ms)


Started GET "/users" for 127.0.0.1 at 2013-02-17 22:22:34 -0500

NoMethodError (undefined method `key?' for nil:NilClass):
  actionpack (3.2.1) lib/action_controller/metal/hide_actions.rb:36:in `visible_action?'
  actionpack (3.2.1) lib/action_controller/metal/hide_actions.rb:18:in `method_for_action'
  actionpack (3.2.1) lib/action_controller/metal/implicit_render.rb:14:in `method_for_action'
  actionpack (3.2.1) lib/action_controller/metal/compatibility.rb:61:in `method_for_action'
  actionpack (3.2.1) lib/abstract_controller/base.rb:115:in `process'
  actionpack (3.2.1) lib/abstract_controller/rendering.rb:45:in `process'
  actionpack (3.2.1) lib/action_controller/metal.rb:203:in `dispatch'
  actionpack (3.2.1) lib/action_controller/metal/rack_delegation.rb:14:in `dispatch'
  actionpack (3.2.1) lib/action_controller/metal.rb:246:in `block in action'
  actionpack (3.2.1) lib/action_dispatch/routing/route_set.rb:66:in `call'
  actionpack (3.2.1) lib/action_dispatch/routing/route_set.rb:66:in `dispatch'
  actionpack (3.2.1) lib/action_dispatch/routing/route_set.rb:30:in `call'
  journey (1.0.4) lib/journey/router.rb:68:in `block in call'
  journey (1.0.4) lib/journey/router.rb:56:in `each'
  journey (1.0.4) lib/journey/router.rb:56:in `call'
  actionpack (3.2.1) lib/action_dispatch/routing/route_set.rb:589:in `call'
  actionpack (3.2.1) lib/action_dispatch/middleware/best_standards_support.rb:17:in `call'
  rack (1.4.5) lib/rack/etag.rb:23:in `call'
  rack (1.4.5) lib/rack/conditionalget.rb:25:in `call'
  actionpack (3.2.1) lib/action_dispatch/middleware/head.rb:14:in `call'
  actionpack (3.2.1) lib/action_dispatch/middleware/params_parser.rb:21:in `call'
  actionpack (3.2.1) lib/action_dispatch/middleware/flash.rb:242:in `call'
  rack (1.4.5) lib/rack/session/abstract/id.rb:210:in `context'
  rack (1.4.5) lib/rack/session/abstract/id.rb:205:in `call'
  actionpack (3.2.1) lib/action_dispatch/middleware/cookies.rb:338:in `call'
  activerecord (3.2.1) lib/active_record/query_cache.rb:64:in `call'
  activerecord (3.2.1) lib/active_record/connection_adapters/abstract/connection_pool.rb:443:in `call'
  actionpack (3.2.1) lib/action_dispatch/middleware/callbacks.rb:28:in `block in call'
  activesupport (3.2.1) lib/active_support/callbacks.rb:405:in `_run__576178853__call__978514949__callbacks'
  activesupport (3.2.1) lib/active_support/callbacks.rb:405:in `__run_callback'
  activesupport (3.2.1) lib/active_support/callbacks.rb:385:in `_run_call_callbacks'
  activesupport (3.2.1) lib/active_support/callbacks.rb:81:in `run_callbacks'
  actionpack (3.2.1) lib/action_dispatch/middleware/callbacks.rb:27:in `call'
  actionpack (3.2.1) lib/action_dispatch/middleware/reloader.rb:65:in `call'
  actionpack (3.2.1) lib/action_dispatch/middleware/remote_ip.rb:31:in `call'
  actionpack (3.2.1) lib/action_dispatch/middleware/debug_exceptions.rb:16:in `call'
  actionpack (3.2.1) lib/action_dispatch/middleware/show_exceptions.rb:56:in `call'
  railties (3.2.1) lib/rails/rack/logger.rb:26:in `call_app'
  railties (3.2.1) lib/rails/rack/logger.rb:16:in `call'
  actionpack (3.2.1) lib/action_dispatch/middleware/request_id.rb:22:in `call'
  rack (1.4.5) lib/rack/methodoverride.rb:21:in `call'
  rack (1.4.5) lib/rack/runtime.rb:17:in `call'
  activesupport (3.2.1) lib/active_support/cache/strategy/local_cache.rb:72:in `call'
  rack (1.4.5) lib/rack/lock.rb:15:in `call'
  actionpack (3.2.1) lib/action_dispatch/middleware/static.rb:53:in `call'
  railties (3.2.1) lib/rails/engine.rb:479:in `call'
  railties (3.2.1) lib/rails/application.rb:220:in `call'
  rack (1.4.5) lib/rack/content_length.rb:14:in `call'
  railties (3.2.1) lib/rails/rack/log_tailer.rb:14:in `call'
  rack (1.4.5) lib/rack/handler/webrick.rb:59:in `service'
  c:/RailsInstaller/Ruby1.9.3/lib/ruby/1.9.1/webrick/httpserver.rb:138:in `service'
  c:/RailsInstaller/Ruby1.9.3/lib/ruby/1.9.1/webrick/httpserver.rb:94:in `run'
  c:/RailsInstaller/Ruby1.9.3/lib/ruby/1.9.1/webrick/server.rb:191:in `block in start_thread'


  Rendered c:/RailsInstaller/Ruby1.9.3/lib/ruby/gems/1.9.1/gems/actionpack-3.2.1/lib/action_dispatch/middleware/templates/rescues/_trace.erb (4.0ms)
  Rendered c:/RailsInstaller/Ruby1.9.3/lib/ruby/gems/1.9.1/gems/actionpack-3.2.1/lib/action_dispatch/middleware/templates/rescues/_request_and_response.erb (2.0ms)
  Rendered c:/RailsInstaller/Ruby1.9.3/lib/ruby/gems/1.9.1/gems/actionpack-3.2.1/lib/action_dispatch/middleware/templates/rescues/diagnostics.erb within rescues/layout (13.0ms)


Started GET "/leases" for 127.0.0.1 at 2013-02-17 22:22:43 -0500
Processing by LeasesController#index as HTML
  [1m[36mLease Load (1.0ms)[0m  [1mSELECT "leases".* FROM "leases" [0m
  Rendered leases/index.html.erb within layouts/application (1.0ms)
Completed 200 OK in 32ms (Views: 29.0ms | ActiveRecord: 1.0ms)


Started GET "/assets/application.css?body=1" for 127.0.0.1 at 2013-02-17 22:22:44 -0500
Served asset /application.css - 200 OK (11ms)


Started GET "/assets/jquery.js?body=1" for 127.0.0.1 at 2013-02-17 22:22:44 -0500
Served asset /jquery.js - 200 OK (4ms)


Started GET "/assets/jquery_ujs.js?body=1" for 127.0.0.1 at 2013-02-17 22:22:44 -0500
Served asset /jquery_ujs.js - 200 OK (4ms)


Started GET "/assets/leases.js?body=1" for 127.0.0.1 at 2013-02-17 22:22:44 -0500
Served asset /leases.js - 200 OK (1ms)


Started GET "/assets/properties.js?body=1" for 127.0.0.1 at 2013-02-17 22:22:44 -0500
Served asset /properties.js - 200 OK (1ms)


Started GET "/assets/repair_requests.js?body=1" for 127.0.0.1 at 2013-02-17 22:22:44 -0500
Served asset /repair_requests.js - 200 OK (1ms)


Started GET "/assets/units.js?body=1" for 127.0.0.1 at 2013-02-17 22:22:44 -0500
Served asset /units.js - 200 OK (2ms)


Started GET "/assets/user_sessions.js?body=1" for 127.0.0.1 at 2013-02-17 22:22:44 -0500
Served asset /user_sessions.js - 200 OK (0ms)


Started GET "/assets/users.js?body=1" for 127.0.0.1 at 2013-02-17 22:22:44 -0500
Served asset /users.js - 200 OK (1ms)


Started GET "/assets/application.js?body=1" for 127.0.0.1 at 2013-02-17 22:22:44 -0500
Served asset /application.js - 200 OK (10ms)


Started GET "/properties" for 127.0.0.1 at 2013-02-17 22:23:03 -0500

ActionController::RoutingError (undefined method `att_accessible' for #<Class:0x3f3c468>):
  app/models/property.rb:2:in `<class:Property>'
  app/models/property.rb:1:in `<top (required)>'
  app/controllers/properties_controller.rb:1:in `<top (required)>'


  Rendered c:/RailsInstaller/Ruby1.9.3/lib/ruby/gems/1.9.1/gems/actionpack-3.2.1/lib/action_dispatch/middleware/templates/rescues/routing_error.erb within rescues/layout (1.0ms)


Started GET "/properties" for 127.0.0.1 at 2013-02-17 22:23:22 -0500
Processing by PropertiesController#index as HTML
  [1m[35mProperty Load (0.0ms)[0m  SELECT "properties".* FROM "properties" 
  Rendered properties/index.html.erb within layouts/application (2.0ms)
Completed 200 OK in 63ms (Views: 59.0ms | ActiveRecord: 1.0ms)


Started GET "/assets/application.css?body=1" for 127.0.0.1 at 2013-02-17 22:23:22 -0500
Served asset /application.css - 304 Not Modified (1ms)


Started GET "/assets/jquery.js?body=1" for 127.0.0.1 at 2013-02-17 22:23:22 -0500
Served asset /jquery.js - 304 Not Modified (0ms)


Started GET "/assets/leases.js?body=1" for 127.0.0.1 at 2013-02-17 22:23:22 -0500
Served asset /leases.js - 304 Not Modified (0ms)


Started GET "/assets/jquery_ujs.js?body=1" for 127.0.0.1 at 2013-02-17 22:23:22 -0500
Served asset /jquery_ujs.js - 304 Not Modified (0ms)


Started GET "/assets/properties.js?body=1" for 127.0.0.1 at 2013-02-17 22:23:23 -0500
Served asset /properties.js - 304 Not Modified (0ms)


Started GET "/assets/repair_requests.js?body=1" for 127.0.0.1 at 2013-02-17 22:23:23 -0500
Served asset /repair_requests.js - 304 Not Modified (1ms)


Started GET "/assets/units.js?body=1" for 127.0.0.1 at 2013-02-17 22:23:23 -0500
Served asset /units.js - 304 Not Modified (0ms)


Started GET "/assets/users.js?body=1" for 127.0.0.1 at 2013-02-17 22:23:23 -0500
Served asset /users.js - 304 Not Modified (0ms)


Started GET "/assets/user_sessions.js?body=1" for 127.0.0.1 at 2013-02-17 22:23:23 -0500
Served asset /user_sessions.js - 304 Not Modified (0ms)


Started GET "/assets/application.js?body=1" for 127.0.0.1 at 2013-02-17 22:23:23 -0500
Served asset /application.js - 304 Not Modified (2ms)


Started GET "/units" for 127.0.0.1 at 2013-02-17 22:23:29 -0500
Processing by UnitsController#index as HTML
  [1m[36mUnit Load (1.0ms)[0m  [1mSELECT "units".* FROM "units" [0m
  Rendered units/index.html.erb within layouts/application (2.0ms)
Completed 200 OK in 44ms (Views: 38.0ms | ActiveRecord: 2.0ms)


Started GET "/assets/application.css?body=1" for 127.0.0.1 at 2013-02-17 22:23:30 -0500
Served asset /application.css - 304 Not Modified (1ms)


Started GET "/assets/jquery_ujs.js?body=1" for 127.0.0.1 at 2013-02-17 22:23:30 -0500
Served asset /jquery_ujs.js - 304 Not Modified (0ms)


Started GET "/assets/properties.js?body=1" for 127.0.0.1 at 2013-02-17 22:23:30 -0500
Served asset /properties.js - 304 Not Modified (0ms)


Started GET "/assets/repair_requests.js?body=1" for 127.0.0.1 at 2013-02-17 22:23:30 -0500
Served asset /repair_requests.js - 304 Not Modified (0ms)


Started GET "/assets/leases.js?body=1" for 127.0.0.1 at 2013-02-17 22:23:30 -0500
Served asset /leases.js - 304 Not Modified (0ms)


Started GET "/assets/jquery.js?body=1" for 127.0.0.1 at 2013-02-17 22:23:30 -0500
Served asset /jquery.js - 304 Not Modified (0ms)


Started GET "/assets/units.js?body=1" for 127.0.0.1 at 2013-02-17 22:23:30 -0500
Served asset /units.js - 304 Not Modified (0ms)


Started GET "/assets/user_sessions.js?body=1" for 127.0.0.1 at 2013-02-17 22:23:30 -0500
Served asset /user_sessions.js - 304 Not Modified (0ms)


Started GET "/assets/users.js?body=1" for 127.0.0.1 at 2013-02-17 22:23:30 -0500
Served asset /users.js - 304 Not Modified (0ms)


Started GET "/assets/application.js?body=1" for 127.0.0.1 at 2013-02-17 22:23:30 -0500
Served asset /application.js - 304 Not Modified (3ms)


Started GET "/repair_requests" for 127.0.0.1 at 2013-02-17 22:23:44 -0500
Processing by RepairRequestsController#index as HTML
  [1m[35mRepairRequest Load (1.0ms)[0m  SELECT "repair_requests".* FROM "repair_requests" 
  Rendered repair_requests/index.html.erb within layouts/application (3.0ms)
Completed 200 OK in 89ms (Views: 83.0ms | ActiveRecord: 1.0ms)


Started GET "/assets/jquery_ujs.js?body=1" for 127.0.0.1 at 2013-02-17 22:23:44 -0500
Served asset /jquery_ujs.js - 304 Not Modified (1ms)


Started GET "/assets/jquery.js?body=1" for 127.0.0.1 at 2013-02-17 22:23:44 -0500
Served asset /jquery.js - 304 Not Modified (0ms)


Started GET "/assets/properties.js?body=1" for 127.0.0.1 at 2013-02-17 22:23:44 -0500
Served asset /properties.js - 304 Not Modified (0ms)


Started GET "/assets/application.css?body=1" for 127.0.0.1 at 2013-02-17 22:23:44 -0500
Served asset /application.css - 304 Not Modified (0ms)


Started GET "/assets/leases.js?body=1" for 127.0.0.1 at 2013-02-17 22:23:44 -0500
Served asset /leases.js - 304 Not Modified (0ms)


Started GET "/assets/repair_requests.js?body=1" for 127.0.0.1 at 2013-02-17 22:23:44 -0500
Served asset /repair_requests.js - 304 Not Modified (0ms)


Started GET "/assets/units.js?body=1" for 127.0.0.1 at 2013-02-17 22:23:44 -0500
Served asset /units.js - 304 Not Modified (0ms)


Started GET "/assets/user_sessions.js?body=1" for 127.0.0.1 at 2013-02-17 22:23:44 -0500
Served asset /user_sessions.js - 304 Not Modified (0ms)


Started GET "/assets/users.js?body=1" for 127.0.0.1 at 2013-02-17 22:23:44 -0500
Served asset /users.js - 304 Not Modified (0ms)


Started GET "/assets/application.js?body=1" for 127.0.0.1 at 2013-02-17 22:23:45 -0500
Served asset /application.js - 304 Not Modified (2ms)


Started GET "/users" for 127.0.0.1 at 2013-02-17 22:23:55 -0500

ActionController::RoutingError (undefined method `has_many_and_belongs_to_many' for #<Class:0x34aa048>):
  app/models/user.rb:4:in `<class:User>'
  app/models/user.rb:1:in `<top (required)>'
  app/controllers/users_controller.rb:1:in `<top (required)>'


  Rendered c:/RailsInstaller/Ruby1.9.3/lib/ruby/gems/1.9.1/gems/actionpack-3.2.1/lib/action_dispatch/middleware/templates/rescues/routing_error.erb within rescues/layout (0.0ms)


Started GET "/users" for 127.0.0.1 at 2013-02-17 22:24:21 -0500
Processing by UsersController#index as HTML
  [1m[36mUser Load (0.0ms)[0m  [1mSELECT "users".* FROM "users" [0m
  Rendered users/index.html.erb within layouts/application (3.0ms)
Completed 200 OK in 68ms (Views: 63.0ms | ActiveRecord: 1.0ms)


Started GET "/assets/application.css?body=1" for 127.0.0.1 at 2013-02-17 22:24:21 -0500
Served asset /application.css - 304 Not Modified (0ms)


Started GET "/assets/jquery.js?body=1" for 127.0.0.1 at 2013-02-17 22:24:22 -0500
Served asset /jquery.js - 304 Not Modified (0ms)


Started GET "/assets/jquery_ujs.js?body=1" for 127.0.0.1 at 2013-02-17 22:24:22 -0500
Served asset /jquery_ujs.js - 304 Not Modified (0ms)


Started GET "/assets/leases.js?body=1" for 127.0.0.1 at 2013-02-17 22:24:22 -0500
Served asset /leases.js - 304 Not Modified (0ms)


Started GET "/assets/properties.js?body=1" for 127.0.0.1 at 2013-02-17 22:24:22 -0500
Served asset /properties.js - 304 Not Modified (0ms)


Started GET "/assets/repair_requests.js?body=1" for 127.0.0.1 at 2013-02-17 22:24:22 -0500
Served asset /repair_requests.js - 304 Not Modified (0ms)


Started GET "/assets/units.js?body=1" for 127.0.0.1 at 2013-02-17 22:24:22 -0500
Served asset /units.js - 304 Not Modified (0ms)


Started GET "/assets/user_sessions.js?body=1" for 127.0.0.1 at 2013-02-17 22:24:22 -0500
Served asset /user_sessions.js - 304 Not Modified (0ms)


Started GET "/assets/users.js?body=1" for 127.0.0.1 at 2013-02-17 22:24:22 -0500
Served asset /users.js - 304 Not Modified (0ms)


Started GET "/assets/application.js?body=1" for 127.0.0.1 at 2013-02-17 22:24:22 -0500
Served asset /application.js - 304 Not Modified (0ms)


Started GET "/user_sessions/new" for 127.0.0.1 at 2013-02-17 22:25:19 -0500

ActionController::RoutingError (undefined method `attr_accessible' for UserSession:Class):
  app/models/user_session.rb:2:in `<class:UserSession>'
  app/models/user_session.rb:1:in `<top (required)>'
  app/controllers/user_sessions_controller.rb:1:in `<top (required)>'


  Rendered c:/RailsInstaller/Ruby1.9.3/lib/ruby/gems/1.9.1/gems/actionpack-3.2.1/lib/action_dispatch/middleware/templates/rescues/routing_error.erb within rescues/layout (1.0ms)


Started GET "/user_sessions/new" for 127.0.0.1 at 2013-02-17 22:25:46 -0500
Processing by UserSessionsController#new as HTML
  Rendered user_sessions/_form.html.erb (89.0ms)
  Rendered user_sessions/new.html.erb within layouts/application (209.0ms)
Completed 200 OK in 270ms (Views: 232.0ms | ActiveRecord: 2.0ms)


Started GET "/assets/jquery_ujs.js?body=1" for 127.0.0.1 at 2013-02-17 22:25:47 -0500
Served asset /jquery_ujs.js - 304 Not Modified (0ms)


Started GET "/assets/jquery.js?body=1" for 127.0.0.1 at 2013-02-17 22:25:47 -0500
Served asset /jquery.js - 304 Not Modified (0ms)


Started GET "/assets/application.css?body=1" for 127.0.0.1 at 2013-02-17 22:25:47 -0500
Served asset /application.css - 304 Not Modified (0ms)


Started GET "/assets/leases.js?body=1" for 127.0.0.1 at 2013-02-17 22:25:47 -0500
Served asset /leases.js - 304 Not Modified (0ms)


Started GET "/assets/repair_requests.js?body=1" for 127.0.0.1 at 2013-02-17 22:25:47 -0500
Served asset /repair_requests.js - 304 Not Modified (0ms)


Started GET "/assets/properties.js?body=1" for 127.0.0.1 at 2013-02-17 22:25:47 -0500
Served asset /properties.js - 304 Not Modified (0ms)


Started GET "/assets/units.js?body=1" for 127.0.0.1 at 2013-02-17 22:25:47 -0500
Served asset /units.js - 304 Not Modified (0ms)


Started GET "/assets/user_sessions.js?body=1" for 127.0.0.1 at 2013-02-17 22:25:47 -0500
Served asset /user_sessions.js - 304 Not Modified (0ms)


Started GET "/assets/users.js?body=1" for 127.0.0.1 at 2013-02-17 22:25:47 -0500
Served asset /users.js - 304 Not Modified (0ms)


Started GET "/assets/application.js?body=1" for 127.0.0.1 at 2013-02-17 22:25:47 -0500
Served asset /application.js - 304 Not Modified (2ms)


Started GET "/users" for 127.0.0.1 at 2013-02-17 22:31:35 -0500
Processing by UsersController#index as HTML
  [1m[35mUser Load (1.0ms)[0m  SELECT "users".* FROM "users" 
  Rendered users/index.html.erb within layouts/application (1.0ms)
Completed 200 OK in 19ms (Views: 17.0ms | ActiveRecord: 1.0ms)


Started GET "/assets/jquery.js?body=1" for 127.0.0.1 at 2013-02-17 22:31:35 -0500
Served asset /jquery.js - 304 Not Modified (0ms)


Started GET "/assets/jquery_ujs.js?body=1" for 127.0.0.1 at 2013-02-17 22:31:35 -0500
Served asset /jquery_ujs.js - 304 Not Modified (0ms)


Started GET "/assets/leases.js?body=1" for 127.0.0.1 at 2013-02-17 22:31:35 -0500
Served asset /leases.js - 304 Not Modified (0ms)


Started GET "/assets/application.css?body=1" for 127.0.0.1 at 2013-02-17 22:31:35 -0500
Served asset /application.css - 304 Not Modified (0ms)


Started GET "/assets/properties.js?body=1" for 127.0.0.1 at 2013-02-17 22:31:36 -0500
Served asset /properties.js - 304 Not Modified (0ms)


Started GET "/assets/repair_requests.js?body=1" for 127.0.0.1 at 2013-02-17 22:31:36 -0500
Served asset /repair_requests.js - 304 Not Modified (0ms)


Started GET "/assets/units.js?body=1" for 127.0.0.1 at 2013-02-17 22:31:36 -0500
Served asset /units.js - 304 Not Modified (0ms)


Started GET "/assets/user_sessions.js?body=1" for 127.0.0.1 at 2013-02-17 22:31:36 -0500
Served asset /user_sessions.js - 304 Not Modified (0ms)


Started GET "/assets/users.js?body=1" for 127.0.0.1 at 2013-02-17 22:31:36 -0500
Served asset /users.js - 304 Not Modified (0ms)


Started GET "/assets/application.js?body=1" for 127.0.0.1 at 2013-02-17 22:31:36 -0500
Served asset /application.js - 304 Not Modified (3ms)


Started GET "/users" for 127.0.0.1 at 2013-02-17 22:34:53 -0500
Processing by UsersController#index as HTML
  [1m[36mUser Load (1.0ms)[0m  [1mSELECT "users".* FROM "users" [0m
  Rendered users/index.html.erb within layouts/application (1.0ms)
Completed 200 OK in 33ms (Views: 31.0ms | ActiveRecord: 1.0ms)


Started GET "/assets/jquery.js?body=1" for 127.0.0.1 at 2013-02-17 22:34:53 -0500
Served asset /jquery.js - 304 Not Modified (0ms)


Started GET "/assets/leases.js?body=1" for 127.0.0.1 at 2013-02-17 22:34:53 -0500
Served asset /leases.js - 304 Not Modified (0ms)


Started GET "/assets/application.css?body=1" for 127.0.0.1 at 2013-02-17 22:34:53 -0500
Served asset /application.css - 304 Not Modified (0ms)


Started GET "/assets/repair_requests.js?body=1" for 127.0.0.1 at 2013-02-17 22:34:53 -0500
Served asset /repair_requests.js - 304 Not Modified (0ms)


Started GET "/assets/jquery_ujs.js?body=1" for 127.0.0.1 at 2013-02-17 22:34:53 -0500
Served asset /jquery_ujs.js - 304 Not Modified (0ms)


Started GET "/assets/properties.js?body=1" for 127.0.0.1 at 2013-02-17 22:34:53 -0500
Served asset /properties.js - 304 Not Modified (1ms)


Started GET "/assets/units.js?body=1" for 127.0.0.1 at 2013-02-17 22:34:54 -0500
Served asset /units.js - 304 Not Modified (0ms)


Started GET "/assets/user_sessions.js?body=1" for 127.0.0.1 at 2013-02-17 22:34:54 -0500
Served asset /user_sessions.js - 304 Not Modified (1ms)


Started GET "/assets/application.js?body=1" for 127.0.0.1 at 2013-02-17 22:34:54 -0500
Served asset /application.js - 304 Not Modified (3ms)


Started GET "/assets/users.js?body=1" for 127.0.0.1 at 2013-02-17 22:34:54 -0500
Served asset /users.js - 304 Not Modified (0ms)


Started GET "/users" for 127.0.0.1 at 2013-02-17 22:35:46 -0500
Processing by UsersController#index as HTML
  [1m[35mUser Load (0.0ms)[0m  SELECT "users".* FROM "users" 
  Rendered users/index.html.erb within layouts/application (1.0ms)
Completed 200 OK in 30ms (Views: 27.0ms | ActiveRecord: 0.0ms)


Started GET "/assets/leases.js?body=1" for 127.0.0.1 at 2013-02-17 22:35:46 -0500
Served asset /leases.js - 304 Not Modified (0ms)


Started GET "/assets/repair_requests.js?body=1" for 127.0.0.1 at 2013-02-17 22:35:46 -0500
Served asset /repair_requests.js - 304 Not Modified (0ms)


Started GET "/assets/jquery_ujs.js?body=1" for 127.0.0.1 at 2013-02-17 22:35:46 -0500
Served asset /jquery_ujs.js - 304 Not Modified (0ms)


Started GET "/assets/application.css?body=1" for 127.0.0.1 at 2013-02-17 22:35:46 -0500
Served asset /application.css - 304 Not Modified (0ms)


Started GET "/assets/jquery.js?body=1" for 127.0.0.1 at 2013-02-17 22:35:46 -0500
Served asset /jquery.js - 304 Not Modified (0ms)


Started GET "/assets/properties.js?body=1" for 127.0.0.1 at 2013-02-17 22:35:46 -0500
Served asset /properties.js - 304 Not Modified (0ms)


Started GET "/assets/units.js?body=1" for 127.0.0.1 at 2013-02-17 22:35:47 -0500
Served asset /units.js - 304 Not Modified (0ms)


Started GET "/assets/user_sessions.js?body=1" for 127.0.0.1 at 2013-02-17 22:35:47 -0500
Served asset /user_sessions.js - 304 Not Modified (1ms)


Started GET "/assets/users.js?body=1" for 127.0.0.1 at 2013-02-17 22:35:47 -0500
Served asset /users.js - 304 Not Modified (0ms)


Started GET "/assets/application.js?body=1" for 127.0.0.1 at 2013-02-17 22:35:47 -0500
Served asset /application.js - 304 Not Modified (1ms)


Started GET "/users" for 127.0.0.1 at 2013-02-17 22:39:20 -0500
Processing by UsersController#index as HTML
  [1m[36mUser Load (1.0ms)[0m  [1mSELECT "users".* FROM "users" [0m
  Rendered users/index.html.erb within layouts/application (1.0ms)
Compiled application.css  (0ms)  (pid 9380)
Completed 200 OK in 84ms (Views: 81.0ms | ActiveRecord: 1.0ms)


Started GET "/assets/jquery.js?body=1" for 127.0.0.1 at 2013-02-17 22:39:20 -0500
Served asset /jquery.js - 304 Not Modified (1ms)


Started GET "/assets/jquery_ujs.js?body=1" for 127.0.0.1 at 2013-02-17 22:39:20 -0500
Served asset /jquery_ujs.js - 304 Not Modified (0ms)


Started GET "/assets/application.css?body=1" for 127.0.0.1 at 2013-02-17 22:39:20 -0500
Served asset /application.css - 200 OK (3ms)


Started GET "/assets/leases.js?body=1" for 127.0.0.1 at 2013-02-17 22:39:20 -0500
Served asset /leases.js - 304 Not Modified (0ms)


Started GET "/assets/properties.js?body=1" for 127.0.0.1 at 2013-02-17 22:39:20 -0500
Served asset /properties.js - 304 Not Modified (0ms)


Started GET "/assets/repair_requests.js?body=1" for 127.0.0.1 at 2013-02-17 22:39:20 -0500
Served asset /repair_requests.js - 304 Not Modified (0ms)


Started GET "/assets/units.js?body=1" for 127.0.0.1 at 2013-02-17 22:39:20 -0500
Served asset /units.js - 304 Not Modified (0ms)


Started GET "/assets/user_sessions.js?body=1" for 127.0.0.1 at 2013-02-17 22:39:20 -0500
Served asset /user_sessions.js - 304 Not Modified (0ms)


Started GET "/assets/users.js?body=1" for 127.0.0.1 at 2013-02-17 22:39:20 -0500
Served asset /users.js - 304 Not Modified (0ms)


Started GET "/assets/application.js?body=1" for 127.0.0.1 at 2013-02-17 22:39:20 -0500
Served asset /application.js - 304 Not Modified (0ms)


Started GET "/users" for 127.0.0.1 at 2013-02-17 22:39:59 -0500
Processing by UsersController#index as HTML
  [1m[35mUser Load (1.0ms)[0m  SELECT "users".* FROM "users" 
  Rendered users/index.html.erb within layouts/application (1.0ms)
Compiled application.css  (2ms)  (pid 9380)
Completed 200 OK in 113ms (Views: 112.0ms | ActiveRecord: 1.0ms)


Started GET "/assets/application.css?body=1" for 127.0.0.1 at 2013-02-17 22:39:59 -0500
Served asset /application.css - 200 OK (10ms)


Started GET "/assets/leases.js?body=1" for 127.0.0.1 at 2013-02-17 22:39:59 -0500
Served asset /leases.js - 304 Not Modified (0ms)


Started GET "/assets/jquery.js?body=1" for 127.0.0.1 at 2013-02-17 22:39:59 -0500
Served asset /jquery.js - 304 Not Modified (0ms)


Started GET "/assets/jquery_ujs.js?body=1" for 127.0.0.1 at 2013-02-17 22:39:59 -0500
Served asset /jquery_ujs.js - 304 Not Modified (0ms)


Started GET "/assets/properties.js?body=1" for 127.0.0.1 at 2013-02-17 22:39:59 -0500
Served asset /properties.js - 304 Not Modified (0ms)


Started GET "/assets/repair_requests.js?body=1" for 127.0.0.1 at 2013-02-17 22:39:59 -0500
Served asset /repair_requests.js - 304 Not Modified (0ms)


Started GET "/assets/units.js?body=1" for 127.0.0.1 at 2013-02-17 22:39:59 -0500
Served asset /units.js - 304 Not Modified (0ms)


Started GET "/assets/user_sessions.js?body=1" for 127.0.0.1 at 2013-02-17 22:39:59 -0500
Served asset /user_sessions.js - 304 Not Modified (0ms)


Started GET "/assets/users.js?body=1" for 127.0.0.1 at 2013-02-17 22:39:59 -0500
Served asset /users.js - 304 Not Modified (0ms)


Started GET "/assets/application.js?body=1" for 127.0.0.1 at 2013-02-17 22:39:59 -0500
Served asset /application.js - 304 Not Modified (0ms)


Started GET "/users" for 127.0.0.1 at 2013-02-17 22:40:26 -0500
Processing by UsersController#index as HTML
  [1m[36mUser Load (1.0ms)[0m  [1mSELECT "users".* FROM "users" [0m
  Rendered users/index.html.erb within layouts/application (1.0ms)
Compiled application.css  (2ms)  (pid 9380)
Completed 200 OK in 110ms (Views: 107.0ms | ActiveRecord: 1.0ms)


Started GET "/assets/application.css?body=1" for 127.0.0.1 at 2013-02-17 22:40:26 -0500
Served asset /application.css - 200 OK (7ms)


Started GET "/assets/jquery.js?body=1" for 127.0.0.1 at 2013-02-17 22:40:26 -0500
Served asset /jquery.js - 304 Not Modified (0ms)


Started GET "/assets/leases.js?body=1" for 127.0.0.1 at 2013-02-17 22:40:26 -0500
Served asset /leases.js - 304 Not Modified (0ms)


Started GET "/assets/properties.js?body=1" for 127.0.0.1 at 2013-02-17 22:40:26 -0500
Served asset /properties.js - 304 Not Modified (0ms)


Started GET "/assets/jquery_ujs.js?body=1" for 127.0.0.1 at 2013-02-17 22:40:26 -0500
Served asset /jquery_ujs.js - 304 Not Modified (0ms)


Started GET "/assets/repair_requests.js?body=1" for 127.0.0.1 at 2013-02-17 22:40:26 -0500
Served asset /repair_requests.js - 304 Not Modified (0ms)


Started GET "/assets/units.js?body=1" for 127.0.0.1 at 2013-02-17 22:40:26 -0500
Served asset /units.js - 304 Not Modified (0ms)


Started GET "/assets/user_sessions.js?body=1" for 127.0.0.1 at 2013-02-17 22:40:26 -0500
Served asset /user_sessions.js - 304 Not Modified (0ms)


Started GET "/assets/application.js?body=1" for 127.0.0.1 at 2013-02-17 22:40:26 -0500
Served asset /application.js - 304 Not Modified (0ms)


Started GET "/assets/users.js?body=1" for 127.0.0.1 at 2013-02-17 22:40:26 -0500
Served asset /users.js - 304 Not Modified (0ms)


Started GET "/users" for 127.0.0.1 at 2013-02-17 22:40:34 -0500
Processing by UsersController#index as HTML
  [1m[35mUser Load (1.0ms)[0m  SELECT "users".* FROM "users" 
  Rendered users/index.html.erb within layouts/application (1.0ms)
Compiled application.css  (0ms)  (pid 9380)
Completed 200 OK in 108ms (Views: 106.0ms | ActiveRecord: 1.0ms)


Started GET "/assets/application.css?body=1" for 127.0.0.1 at 2013-02-17 22:40:34 -0500
Served asset /application.css - 200 OK (5ms)


Started GET "/assets/jquery.js?body=1" for 127.0.0.1 at 2013-02-17 22:40:34 -0500
Served asset /jquery.js - 304 Not Modified (0ms)


Started GET "/assets/jquery_ujs.js?body=1" for 127.0.0.1 at 2013-02-17 22:40:34 -0500
Served asset /jquery_ujs.js - 304 Not Modified (0ms)


Started GET "/assets/leases.js?body=1" for 127.0.0.1 at 2013-02-17 22:40:34 -0500
Served asset /leases.js - 304 Not Modified (0ms)


Started GET "/assets/properties.js?body=1" for 127.0.0.1 at 2013-02-17 22:40:34 -0500
Served asset /properties.js - 304 Not Modified (0ms)


Started GET "/assets/repair_requests.js?body=1" for 127.0.0.1 at 2013-02-17 22:40:34 -0500
Served asset /repair_requests.js - 304 Not Modified (0ms)


Started GET "/assets/units.js?body=1" for 127.0.0.1 at 2013-02-17 22:40:34 -0500
Served asset /units.js - 304 Not Modified (0ms)


Started GET "/assets/user_sessions.js?body=1" for 127.0.0.1 at 2013-02-17 22:40:34 -0500
Served asset /user_sessions.js - 304 Not Modified (0ms)


Started GET "/assets/users.js?body=1" for 127.0.0.1 at 2013-02-17 22:40:34 -0500
Served asset /users.js - 304 Not Modified (0ms)


Started GET "/assets/application.js?body=1" for 127.0.0.1 at 2013-02-17 22:40:34 -0500
Served asset /application.js - 304 Not Modified (0ms)


Started GET "/users" for 127.0.0.1 at 2013-02-17 22:41:19 -0500
Processing by UsersController#index as HTML
  [1m[36mUser Load (1.0ms)[0m  [1mSELECT "users".* FROM "users" [0m
  Rendered users/index.html.erb within layouts/application (1.0ms)
Compiled application.css  (0ms)  (pid 9380)
Completed 200 OK in 91ms (Views: 89.0ms | ActiveRecord: 1.0ms)


Started GET "/assets/application.css?body=1" for 127.0.0.1 at 2013-02-17 22:41:19 -0500
Served asset /application.css - 200 OK (3ms)


Started GET "/assets/jquery.js?body=1" for 127.0.0.1 at 2013-02-17 22:41:19 -0500
Served asset /jquery.js - 304 Not Modified (0ms)


Started GET "/assets/jquery_ujs.js?body=1" for 127.0.0.1 at 2013-02-17 22:41:19 -0500
Served asset /jquery_ujs.js - 304 Not Modified (0ms)


Started GET "/assets/leases.js?body=1" for 127.0.0.1 at 2013-02-17 22:41:19 -0500
Served asset /leases.js - 304 Not Modified (0ms)


Started GET "/assets/properties.js?body=1" for 127.0.0.1 at 2013-02-17 22:41:19 -0500
Served asset /properties.js - 304 Not Modified (0ms)


Started GET "/assets/repair_requests.js?body=1" for 127.0.0.1 at 2013-02-17 22:41:19 -0500
Served asset /repair_requests.js - 304 Not Modified (0ms)


Started GET "/assets/units.js?body=1" for 127.0.0.1 at 2013-02-17 22:41:19 -0500
Served asset /units.js - 304 Not Modified (0ms)


Started GET "/assets/user_sessions.js?body=1" for 127.0.0.1 at 2013-02-17 22:41:19 -0500
Served asset /user_sessions.js - 304 Not Modified (0ms)


Started GET "/assets/users.js?body=1" for 127.0.0.1 at 2013-02-17 22:41:19 -0500
Served asset /users.js - 304 Not Modified (0ms)


Started GET "/assets/application.js?body=1" for 127.0.0.1 at 2013-02-17 22:41:19 -0500
Served asset /application.js - 304 Not Modified (11ms)


Started GET "/users" for 127.0.0.1 at 2013-02-17 22:41:36 -0500
Processing by UsersController#index as HTML
  [1m[35mUser Load (0.0ms)[0m  SELECT "users".* FROM "users" 
  Rendered users/index.html.erb within layouts/application (0.0ms)
Compiled application.css  (1ms)  (pid 9380)
Completed 200 OK in 100ms (Views: 98.0ms | ActiveRecord: 0.0ms)


Started GET "/assets/application.css?body=1" for 127.0.0.1 at 2013-02-17 22:41:36 -0500
Served asset /application.css - 200 OK (25ms)


Started GET "/assets/jquery_ujs.js?body=1" for 127.0.0.1 at 2013-02-17 22:41:36 -0500
Served asset /jquery_ujs.js - 304 Not Modified (0ms)


Started GET "/assets/jquery.js?body=1" for 127.0.0.1 at 2013-02-17 22:41:36 -0500
Served asset /jquery.js - 304 Not Modified (0ms)


Started GET "/assets/leases.js?body=1" for 127.0.0.1 at 2013-02-17 22:41:36 -0500
Served asset /leases.js - 304 Not Modified (0ms)


Started GET "/assets/properties.js?body=1" for 127.0.0.1 at 2013-02-17 22:41:36 -0500
Served asset /properties.js - 304 Not Modified (0ms)


Started GET "/assets/repair_requests.js?body=1" for 127.0.0.1 at 2013-02-17 22:41:36 -0500
Served asset /repair_requests.js - 304 Not Modified (0ms)


Started GET "/assets/units.js?body=1" for 127.0.0.1 at 2013-02-17 22:41:36 -0500
Served asset /units.js - 304 Not Modified (0ms)


Started GET "/assets/user_sessions.js?body=1" for 127.0.0.1 at 2013-02-17 22:41:36 -0500
Served asset /user_sessions.js - 304 Not Modified (0ms)


Started GET "/assets/users.js?body=1" for 127.0.0.1 at 2013-02-17 22:41:36 -0500
Served asset /users.js - 304 Not Modified (0ms)


Started GET "/assets/application.js?body=1" for 127.0.0.1 at 2013-02-17 22:41:36 -0500
Served asset /application.js - 304 Not Modified (2ms)


Started GET "/leases" for 127.0.0.1 at 2013-02-17 22:42:00 -0500
Processing by LeasesController#index as HTML
  [1m[36mLease Load (1.0ms)[0m  [1mSELECT "leases".* FROM "leases" [0m
  Rendered leases/index.html.erb within layouts/application (1.0ms)
Completed 200 OK in 36ms (Views: 29.0ms | ActiveRecord: 3.0ms)


Started GET "/assets/application.css?body=1" for 127.0.0.1 at 2013-02-17 22:42:00 -0500
Served asset /application.css - 304 Not Modified (2ms)


Started GET "/assets/jquery.js?body=1" for 127.0.0.1 at 2013-02-17 22:42:00 -0500
Served asset /jquery.js - 304 Not Modified (0ms)


Started GET "/assets/jquery_ujs.js?body=1" for 127.0.0.1 at 2013-02-17 22:42:01 -0500
Served asset /jquery_ujs.js - 304 Not Modified (0ms)


Started GET "/assets/leases.js?body=1" for 127.0.0.1 at 2013-02-17 22:42:01 -0500
Served asset /leases.js - 304 Not Modified (0ms)


Started GET "/assets/properties.js?body=1" for 127.0.0.1 at 2013-02-17 22:42:01 -0500
Served asset /properties.js - 304 Not Modified (1ms)


Started GET "/assets/repair_requests.js?body=1" for 127.0.0.1 at 2013-02-17 22:42:01 -0500
Served asset /repair_requests.js - 304 Not Modified (0ms)


Started GET "/assets/units.js?body=1" for 127.0.0.1 at 2013-02-17 22:42:01 -0500
Served asset /units.js - 304 Not Modified (27ms)


Started GET "/assets/user_sessions.js?body=1" for 127.0.0.1 at 2013-02-17 22:42:01 -0500
Served asset /user_sessions.js - 304 Not Modified (0ms)


Started GET "/assets/users.js?body=1" for 127.0.0.1 at 2013-02-17 22:42:01 -0500
Served asset /users.js - 304 Not Modified (0ms)


Started GET "/assets/application.js?body=1" for 127.0.0.1 at 2013-02-17 22:42:01 -0500
Served asset /application.js - 304 Not Modified (3ms)


Started GET "/users" for 127.0.0.1 at 2013-02-17 22:42:04 -0500
Processing by UsersController#index as HTML
  [1m[35mUser Load (1.0ms)[0m  SELECT "users".* FROM "users" 
  Rendered users/index.html.erb within layouts/application (0.0ms)
Completed 200 OK in 30ms (Views: 28.0ms | ActiveRecord: 1.0ms)


Started GET "/assets/application.css?body=1" for 127.0.0.1 at 2013-02-17 22:42:04 -0500
Served asset /application.css - 304 Not Modified (0ms)


Started GET "/assets/jquery.js?body=1" for 127.0.0.1 at 2013-02-17 22:42:04 -0500
Served asset /jquery.js - 304 Not Modified (0ms)


Started GET "/assets/jquery_ujs.js?body=1" for 127.0.0.1 at 2013-02-17 22:42:04 -0500
Served asset /jquery_ujs.js - 304 Not Modified (0ms)


Started GET "/assets/leases.js?body=1" for 127.0.0.1 at 2013-02-17 22:42:04 -0500
Served asset /leases.js - 304 Not Modified (0ms)


Started GET "/assets/properties.js?body=1" for 127.0.0.1 at 2013-02-17 22:42:04 -0500
Served asset /properties.js - 304 Not Modified (0ms)


Started GET "/assets/repair_requests.js?body=1" for 127.0.0.1 at 2013-02-17 22:42:04 -0500
Served asset /repair_requests.js - 304 Not Modified (0ms)


Started GET "/assets/units.js?body=1" for 127.0.0.1 at 2013-02-17 22:42:04 -0500
Served asset /units.js - 304 Not Modified (1ms)


Started GET "/assets/user_sessions.js?body=1" for 127.0.0.1 at 2013-02-17 22:42:04 -0500
Served asset /user_sessions.js - 304 Not Modified (1ms)


Started GET "/assets/users.js?body=1" for 127.0.0.1 at 2013-02-17 22:42:04 -0500
Served asset /users.js - 304 Not Modified (0ms)


Started GET "/assets/application.js?body=1" for 127.0.0.1 at 2013-02-17 22:42:04 -0500
Served asset /application.js - 304 Not Modified (2ms)


Started GET "/leases" for 127.0.0.1 at 2013-02-17 22:42:06 -0500
Processing by LeasesController#index as HTML
  [1m[36mLease Load (1.0ms)[0m  [1mSELECT "leases".* FROM "leases" [0m
  Rendered leases/index.html.erb within layouts/application (1.0ms)
Completed 200 OK in 29ms (Views: 27.0ms | ActiveRecord: 1.0ms)


Started GET "/assets/application.css?body=1" for 127.0.0.1 at 2013-02-17 22:42:06 -0500
Served asset /application.css - 304 Not Modified (0ms)


Started GET "/assets/jquery.js?body=1" for 127.0.0.1 at 2013-02-17 22:42:06 -0500
Served asset /jquery.js - 304 Not Modified (0ms)


Started GET "/assets/jquery_ujs.js?body=1" for 127.0.0.1 at 2013-02-17 22:42:06 -0500
Served asset /jquery_ujs.js - 304 Not Modified (0ms)


Started GET "/assets/leases.js?body=1" for 127.0.0.1 at 2013-02-17 22:42:06 -0500
Served asset /leases.js - 304 Not Modified (0ms)


Started GET "/assets/properties.js?body=1" for 127.0.0.1 at 2013-02-17 22:42:06 -0500
Served asset /properties.js - 304 Not Modified (0ms)


Started GET "/assets/repair_requests.js?body=1" for 127.0.0.1 at 2013-02-17 22:42:06 -0500
Served asset /repair_requests.js - 304 Not Modified (0ms)


Started GET "/assets/units.js?body=1" for 127.0.0.1 at 2013-02-17 22:42:06 -0500
Served asset /units.js - 304 Not Modified (0ms)


Started GET "/assets/user_sessions.js?body=1" for 127.0.0.1 at 2013-02-17 22:42:06 -0500
Served asset /user_sessions.js - 304 Not Modified (0ms)


Started GET "/assets/users.js?body=1" for 127.0.0.1 at 2013-02-17 22:42:06 -0500
Served asset /users.js - 304 Not Modified (0ms)


Started GET "/assets/application.js?body=1" for 127.0.0.1 at 2013-02-17 22:42:06 -0500
Served asset /application.js - 304 Not Modified (4ms)


Started GET "/" for 127.0.0.1 at 2013-02-17 22:42:08 -0500
Processing by UsersController#index as HTML
  [1m[35mUser Load (1.0ms)[0m  SELECT "users".* FROM "users" 
  Rendered users/index.html.erb within layouts/application (1.0ms)
Completed 200 OK in 18ms (Views: 17.0ms | ActiveRecord: 1.0ms)


Started GET "/assets/application.css?body=1" for 127.0.0.1 at 2013-02-17 22:42:08 -0500
Served asset /application.css - 304 Not Modified (0ms)


Started GET "/assets/jquery.js?body=1" for 127.0.0.1 at 2013-02-17 22:42:08 -0500
Served asset /jquery.js - 304 Not Modified (0ms)


Started GET "/assets/jquery_ujs.js?body=1" for 127.0.0.1 at 2013-02-17 22:42:08 -0500
Served asset /jquery_ujs.js - 304 Not Modified (0ms)


Started GET "/assets/leases.js?body=1" for 127.0.0.1 at 2013-02-17 22:42:08 -0500
Served asset /leases.js - 304 Not Modified (1ms)


Started GET "/assets/properties.js?body=1" for 127.0.0.1 at 2013-02-17 22:42:08 -0500
Served asset /properties.js - 304 Not Modified (0ms)


Started GET "/assets/repair_requests.js?body=1" for 127.0.0.1 at 2013-02-17 22:42:08 -0500
Served asset /repair_requests.js - 304 Not Modified (0ms)


Started GET "/assets/units.js?body=1" for 127.0.0.1 at 2013-02-17 22:42:08 -0500
Served asset /units.js - 304 Not Modified (0ms)


Started GET "/assets/user_sessions.js?body=1" for 127.0.0.1 at 2013-02-17 22:42:08 -0500
Served asset /user_sessions.js - 304 Not Modified (0ms)


Started GET "/assets/users.js?body=1" for 127.0.0.1 at 2013-02-17 22:42:08 -0500
Served asset /users.js - 304 Not Modified (0ms)


Started GET "/assets/application.js?body=1" for 127.0.0.1 at 2013-02-17 22:42:08 -0500
Served asset /application.js - 304 Not Modified (0ms)


Started GET "/users" for 127.0.0.1 at 2013-02-17 22:42:11 -0500
Processing by UsersController#index as HTML
  [1m[36mUser Load (0.0ms)[0m  [1mSELECT "users".* FROM "users" [0m
  Rendered users/index.html.erb within layouts/application (1.0ms)
Completed 200 OK in 29ms (Views: 27.0ms | ActiveRecord: 0.0ms)


Started GET "/assets/application.css?body=1" for 127.0.0.1 at 2013-02-17 22:42:12 -0500
Served asset /application.css - 304 Not Modified (0ms)


Started GET "/assets/jquery.js?body=1" for 127.0.0.1 at 2013-02-17 22:42:12 -0500
Served asset /jquery.js - 304 Not Modified (1ms)


Started GET "/assets/jquery_ujs.js?body=1" for 127.0.0.1 at 2013-02-17 22:42:12 -0500
Served asset /jquery_ujs.js - 304 Not Modified (0ms)


Started GET "/assets/leases.js?body=1" for 127.0.0.1 at 2013-02-17 22:42:12 -0500
Served asset /leases.js - 304 Not Modified (1ms)


Started GET "/assets/properties.js?body=1" for 127.0.0.1 at 2013-02-17 22:42:12 -0500
Served asset /properties.js - 304 Not Modified (0ms)


Started GET "/assets/repair_requests.js?body=1" for 127.0.0.1 at 2013-02-17 22:42:12 -0500
Served asset /repair_requests.js - 304 Not Modified (0ms)


Started GET "/assets/units.js?body=1" for 127.0.0.1 at 2013-02-17 22:42:12 -0500
Served asset /units.js - 304 Not Modified (0ms)


Started GET "/assets/user_sessions.js?body=1" for 127.0.0.1 at 2013-02-17 22:42:12 -0500
Served asset /user_sessions.js - 304 Not Modified (0ms)


Started GET "/assets/users.js?body=1" for 127.0.0.1 at 2013-02-17 22:42:12 -0500
Served asset /users.js - 304 Not Modified (0ms)


Started GET "/assets/application.js?body=1" for 127.0.0.1 at 2013-02-17 22:42:12 -0500
Served asset /application.js - 304 Not Modified (2ms)


Started GET "/leases" for 127.0.0.1 at 2013-02-17 22:42:16 -0500
Processing by LeasesController#index as HTML
  [1m[35mLease Load (1.0ms)[0m  SELECT "leases".* FROM "leases" 
  Rendered leases/index.html.erb within layouts/application (0.0ms)
Completed 200 OK in 20ms (Views: 19.0ms | ActiveRecord: 1.0ms)


Started GET "/assets/application.css?body=1" for 127.0.0.1 at 2013-02-17 22:42:16 -0500
Served asset /application.css - 304 Not Modified (0ms)


Started GET "/assets/jquery.js?body=1" for 127.0.0.1 at 2013-02-17 22:42:16 -0500
Served asset /jquery.js - 304 Not Modified (0ms)


Started GET "/assets/jquery_ujs.js?body=1" for 127.0.0.1 at 2013-02-17 22:42:16 -0500
Served asset /jquery_ujs.js - 304 Not Modified (0ms)


Started GET "/assets/leases.js?body=1" for 127.0.0.1 at 2013-02-17 22:42:16 -0500
Served asset /leases.js - 304 Not Modified (0ms)


Started GET "/assets/properties.js?body=1" for 127.0.0.1 at 2013-02-17 22:42:16 -0500
Served asset /properties.js - 304 Not Modified (0ms)


Started GET "/assets/repair_requests.js?body=1" for 127.0.0.1 at 2013-02-17 22:42:16 -0500
Served asset /repair_requests.js - 304 Not Modified (0ms)


Started GET "/assets/units.js?body=1" for 127.0.0.1 at 2013-02-17 22:42:16 -0500
Served asset /units.js - 304 Not Modified (0ms)


Started GET "/assets/user_sessions.js?body=1" for 127.0.0.1 at 2013-02-17 22:42:16 -0500
Served asset /user_sessions.js - 304 Not Modified (0ms)


Started GET "/assets/users.js?body=1" for 127.0.0.1 at 2013-02-17 22:42:16 -0500
Served asset /users.js - 304 Not Modified (0ms)


Started GET "/assets/application.js?body=1" for 127.0.0.1 at 2013-02-17 22:42:16 -0500
Served asset /application.js - 304 Not Modified (3ms)


Started GET "/users" for 127.0.0.1 at 2013-02-17 22:42:49 -0500
Processing by UsersController#index as HTML
  [1m[36mUser Load (0.0ms)[0m  [1mSELECT "users".* FROM "users" [0m
  Rendered users/index.html.erb within layouts/application (1.0ms)
Compiled application.css  (0ms)  (pid 9380)
Completed 200 OK in 63ms (Views: 61.0ms | ActiveRecord: 0.0ms)


Started GET "/assets/application.css?body=1" for 127.0.0.1 at 2013-02-17 22:42:50 -0500
Served asset /application.css - 200 OK (8ms)


Started GET "/assets/jquery.js?body=1" for 127.0.0.1 at 2013-02-17 22:42:50 -0500
Served asset /jquery.js - 304 Not Modified (1ms)


Started GET "/assets/properties.js?body=1" for 127.0.0.1 at 2013-02-17 22:42:50 -0500
Served asset /properties.js - 304 Not Modified (0ms)


Started GET "/assets/jquery_ujs.js?body=1" for 127.0.0.1 at 2013-02-17 22:42:50 -0500
Served asset /jquery_ujs.js - 304 Not Modified (0ms)


Started GET "/assets/leases.js?body=1" for 127.0.0.1 at 2013-02-17 22:42:50 -0500
Served asset /leases.js - 304 Not Modified (0ms)


Started GET "/assets/units.js?body=1" for 127.0.0.1 at 2013-02-17 22:42:50 -0500
Served asset /units.js - 304 Not Modified (0ms)


Started GET "/assets/repair_requests.js?body=1" for 127.0.0.1 at 2013-02-17 22:42:50 -0500
Served asset /repair_requests.js - 304 Not Modified (0ms)


Started GET "/assets/user_sessions.js?body=1" for 127.0.0.1 at 2013-02-17 22:42:50 -0500
Served asset /user_sessions.js - 304 Not Modified (0ms)


Started GET "/assets/users.js?body=1" for 127.0.0.1 at 2013-02-17 22:42:50 -0500
Served asset /users.js - 304 Not Modified (0ms)


Started GET "/assets/application.js?body=1" for 127.0.0.1 at 2013-02-17 22:42:50 -0500
Served asset /application.js - 304 Not Modified (3ms)


Started GET "/users/new" for 127.0.0.1 at 2013-02-17 22:42:53 -0500
Processing by UsersController#new as HTML
  Rendered users/_form.html.erb (6.0ms)
  Rendered users/new.html.erb within layouts/application (24.0ms)
Completed 500 Internal Server Error in 54ms

ActionView::Template::Error (undefined method `password' for #<User:0x3fd4b38>):
    21:   </div>
    22:   <div class="field">
    23:     <%= f.label :password %><br />
    24:     <%= f.text_field :password %>
    25:   </div>
    26:   <div class="field">
    27:     <%= f.label :lease_id %><br />
  app/views/users/_form.html.erb:24:in `block in _app_views_users__form_html_erb___669435815_33415620'
  app/views/users/_form.html.erb:1:in `_app_views_users__form_html_erb___669435815_33415620'
  app/views/users/new.html.erb:3:in `_app_views_users_new_html_erb__981496584_33424380'
  app/controllers/users_controller.rb:29:in `new'


  Rendered c:/RailsInstaller/Ruby1.9.3/lib/ruby/gems/1.9.1/gems/actionpack-3.2.1/lib/action_dispatch/middleware/templates/rescues/_trace.erb (4.0ms)
  Rendered c:/RailsInstaller/Ruby1.9.3/lib/ruby/gems/1.9.1/gems/actionpack-3.2.1/lib/action_dispatch/middleware/templates/rescues/_request_and_response.erb (1.0ms)
  Rendered c:/RailsInstaller/Ruby1.9.3/lib/ruby/gems/1.9.1/gems/actionpack-3.2.1/lib/action_dispatch/middleware/templates/rescues/template_error.erb within rescues/layout (10.0ms)
